2024-11-03T10:37:03.351+08:00  INFO 6836 --- [main] com.example.demo.DemoApplication         : Starting DemoApplication using Java 17.0.10 with PID 6836 (D:\IdeaProjects\springBoot\target\classes started by acer in D:\IdeaProjects\springBoot)
2024-11-03T10:37:03.353+08:00  INFO 6836 --- [main] com.example.demo.DemoApplication         : The following 1 profile is active: "dev"
2024-11-03T10:37:04.179+08:00  INFO 6836 --- [main] .s.d.r.c.RepositoryConfigurationDelegate : Bootstrapping Spring Data JPA repositories in DEFAULT mode.
2024-11-03T10:37:04.227+08:00  INFO 6836 --- [main] .s.d.r.c.RepositoryConfigurationDelegate : Finished Spring Data repository scanning in 40 ms. Found 1 JPA repository interface.
2024-11-03T10:37:04.835+08:00  INFO 6836 --- [main] o.s.b.w.embedded.tomcat.TomcatWebServer  : Tomcat initialized with port 80 (http)
2024-11-03T10:37:04.847+08:00  INFO 6836 --- [main] o.apache.catalina.core.StandardService   : Starting service [Tomcat]
2024-11-03T10:37:04.847+08:00  INFO 6836 --- [main] o.apache.catalina.core.StandardEngine    : Starting Servlet engine: [Apache Tomcat/10.1.16]
2024-11-03T10:37:04.925+08:00  INFO 6836 --- [main] o.a.c.c.C.[Tomcat].[localhost].[/]       : Initializing Spring embedded WebApplicationContext
2024-11-03T10:37:04.926+08:00  INFO 6836 --- [main] w.s.c.ServletWebServerApplicationContext : Root WebApplicationContext: initialization completed in 1531 ms
2024-11-03T10:37:05.112+08:00  INFO 6836 --- [main] o.hibernate.jpa.internal.util.LogHelper  : HHH000204: Processing PersistenceUnitInfo [name: default]
2024-11-03T10:37:05.204+08:00  INFO 6836 --- [main] org.hibernate.Version                    : HHH000412: Hibernate ORM core version 6.3.1.Final
2024-11-03T10:37:05.246+08:00  INFO 6836 --- [main] o.h.c.internal.RegionFactoryInitiator    : HHH000026: Second-level cache disabled
2024-11-03T10:37:05.499+08:00  INFO 6836 --- [main] o.s.o.j.p.SpringPersistenceUnitInfo      : No LoadTimeWeaver setup: ignoring JPA class transformer
2024-11-03T10:37:05.526+08:00  INFO 6836 --- [main] com.zaxxer.hikari.HikariDataSource       : HikariPool-1 - Starting...
2024-11-03T10:37:05.871+08:00  INFO 6836 --- [main] com.zaxxer.hikari.pool.HikariPool        : HikariPool-1 - Added connection com.mysql.cj.jdbc.ConnectionImpl@2ca1e49a
2024-11-03T10:37:05.873+08:00  INFO 6836 --- [main] com.zaxxer.hikari.HikariDataSource       : HikariPool-1 - Start completed.
2024-11-03T10:37:07.200+08:00  INFO 6836 --- [main] o.h.e.t.j.p.i.JtaPlatformInitiator       : HHH000489: No JTA platform available (set 'hibernate.transaction.jta.platform' to enable JTA platform integration)
2024-11-03T10:37:07.859+08:00  INFO 6836 --- [main] j.LocalContainerEntityManagerFactoryBean : Initialized JPA EntityManagerFactory for persistence unit 'default'
2024-11-03T10:37:08.174+08:00  INFO 6836 --- [main] o.s.d.j.r.query.QueryEnhancerFactory     : JSqlParser is in classpath; If applicable, JSqlParser will be used
2024-11-03T10:37:08.174+08:00  INFO 6836 --- [main] o.s.d.j.r.query.QueryEnhancerFactory     : Hibernate is in classpath; If applicable, HQL parser will be used.
2024-11-03T10:37:08.869+08:00  INFO 6836 --- [main] test                                     : Hello World
2024-11-03T10:37:08.869+08:00  INFO 6836 --- [main] c.e.demo.controller.TestController       : SLF4Jュ淇℃
2024-11-03T10:37:08.986+08:00  WARN 6836 --- [main] JpaBaseConfiguration$JpaWebConfiguration : spring.jpa.open-in-view is enabled by default. Therefore, database queries may be performed during view rendering. Explicitly configure spring.jpa.open-in-view to disable this warning
2024-11-03T10:37:09.009+08:00  INFO 6836 --- [main] o.s.b.a.w.s.WelcomePageHandlerMapping    : Adding welcome page template: index
2024-11-03T10:37:09.424+08:00  INFO 6836 --- [main] o.s.b.w.embedded.tomcat.TomcatWebServer  : Tomcat started on port 80 (http) with context path ''
2024-11-03T10:37:09.433+08:00  INFO 6836 --- [main] com.example.demo.DemoApplication         : Started DemoApplication in 6.82 seconds (process running for 7.826)
2024-11-03T10:37:17.635+08:00  INFO 6836 --- [SpringApplicationShutdownHook] j.LocalContainerEntityManagerFactoryBean : Closing JPA EntityManagerFactory for persistence unit 'default'
2024-11-03T10:37:17.636+08:00  INFO 6836 --- [SpringApplicationShutdownHook] com.zaxxer.hikari.HikariDataSource       : HikariPool-1 - Shutdown initiated...
2024-11-03T10:37:17.644+08:00  INFO 6836 --- [SpringApplicationShutdownHook] com.zaxxer.hikari.HikariDataSource       : HikariPool-1 - Shutdown completed.
2024-11-03T10:58:53.309+08:00  INFO 2984 --- [main] com.example.demo.DemoApplication         : Starting DemoApplication using Java 17.0.10 with PID 2984 (D:\IdeaProjects\springBoot\target\classes started by acer in D:\IdeaProjects\springBoot)
2024-11-03T10:58:53.312+08:00  INFO 2984 --- [main] com.example.demo.DemoApplication         : The following 1 profile is active: "dev"
2024-11-03T10:58:54.117+08:00  INFO 2984 --- [main] .s.d.r.c.RepositoryConfigurationDelegate : Bootstrapping Spring Data JPA repositories in DEFAULT mode.
2024-11-03T10:58:54.167+08:00  INFO 2984 --- [main] .s.d.r.c.RepositoryConfigurationDelegate : Finished Spring Data repository scanning in 41 ms. Found 1 JPA repository interface.
2024-11-03T10:58:54.732+08:00  INFO 2984 --- [main] o.s.b.w.embedded.tomcat.TomcatWebServer  : Tomcat initialized with port 80 (http)
2024-11-03T10:58:54.740+08:00  INFO 2984 --- [main] o.apache.catalina.core.StandardService   : Starting service [Tomcat]
2024-11-03T10:58:54.740+08:00  INFO 2984 --- [main] o.apache.catalina.core.StandardEngine    : Starting Servlet engine: [Apache Tomcat/10.1.16]
2024-11-03T10:58:54.808+08:00  INFO 2984 --- [main] o.a.c.c.C.[Tomcat].[localhost].[/]       : Initializing Spring embedded WebApplicationContext
2024-11-03T10:58:54.808+08:00  INFO 2984 --- [main] w.s.c.ServletWebServerApplicationContext : Root WebApplicationContext: initialization completed in 1447 ms
2024-11-03T10:58:54.929+08:00  INFO 2984 --- [main] o.hibernate.jpa.internal.util.LogHelper  : HHH000204: Processing PersistenceUnitInfo [name: default]
2024-11-03T10:58:54.999+08:00  INFO 2984 --- [main] org.hibernate.Version                    : HHH000412: Hibernate ORM core version 6.3.1.Final
2024-11-03T10:58:55.033+08:00  INFO 2984 --- [main] o.h.c.internal.RegionFactoryInitiator    : HHH000026: Second-level cache disabled
2024-11-03T10:58:55.252+08:00  INFO 2984 --- [main] o.s.o.j.p.SpringPersistenceUnitInfo      : No LoadTimeWeaver setup: ignoring JPA class transformer
2024-11-03T10:58:55.282+08:00  INFO 2984 --- [main] com.zaxxer.hikari.HikariDataSource       : HikariPool-1 - Starting...
2024-11-03T10:58:55.580+08:00  INFO 2984 --- [main] com.zaxxer.hikari.pool.HikariPool        : HikariPool-1 - Added connection com.mysql.cj.jdbc.ConnectionImpl@3639b04
2024-11-03T10:58:55.583+08:00  INFO 2984 --- [main] com.zaxxer.hikari.HikariDataSource       : HikariPool-1 - Start completed.
2024-11-03T10:58:56.604+08:00  INFO 2984 --- [main] o.h.e.t.j.p.i.JtaPlatformInitiator       : HHH000489: No JTA platform available (set 'hibernate.transaction.jta.platform' to enable JTA platform integration)
2024-11-03T10:58:56.687+08:00  INFO 2984 --- [main] j.LocalContainerEntityManagerFactoryBean : Initialized JPA EntityManagerFactory for persistence unit 'default'
2024-11-03T10:58:57.019+08:00  INFO 2984 --- [main] o.s.d.j.r.query.QueryEnhancerFactory     : JSqlParser is in classpath; If applicable, JSqlParser will be used
2024-11-03T10:58:57.020+08:00  INFO 2984 --- [main] o.s.d.j.r.query.QueryEnhancerFactory     : Hibernate is in classpath; If applicable, HQL parser will be used.
2024-11-03T10:58:57.624+08:00  INFO 2984 --- [main] test                                     : Hello World
2024-11-03T10:58:57.624+08:00  INFO 2984 --- [main] c.e.demo.controller.TestController       : SLF4Jュ淇℃
2024-11-03T10:58:57.770+08:00  WARN 2984 --- [main] JpaBaseConfiguration$JpaWebConfiguration : spring.jpa.open-in-view is enabled by default. Therefore, database queries may be performed during view rendering. Explicitly configure spring.jpa.open-in-view to disable this warning
2024-11-03T10:58:57.802+08:00  INFO 2984 --- [main] o.s.b.a.w.s.WelcomePageHandlerMapping    : Adding welcome page template: index
2024-11-03T10:58:58.164+08:00  INFO 2984 --- [main] o.s.b.w.embedded.tomcat.TomcatWebServer  : Tomcat started on port 80 (http) with context path ''
2024-11-03T10:58:58.172+08:00  INFO 2984 --- [main] com.example.demo.DemoApplication         : Started DemoApplication in 5.583 seconds (process running for 6.363)
2024-11-03T11:04:34.745+08:00  INFO 2984 --- [SpringApplicationShutdownHook] j.LocalContainerEntityManagerFactoryBean : Closing JPA EntityManagerFactory for persistence unit 'default'
2024-11-03T11:04:34.747+08:00  INFO 2984 --- [SpringApplicationShutdownHook] com.zaxxer.hikari.HikariDataSource       : HikariPool-1 - Shutdown initiated...
2024-11-03T11:04:34.753+08:00  INFO 2984 --- [SpringApplicationShutdownHook] com.zaxxer.hikari.HikariDataSource       : HikariPool-1 - Shutdown completed.
2024-11-03T11:17:19.470+08:00  INFO 6592 --- [main] com.example.demo.DemoApplication         : Starting DemoApplication using Java 17.0.10 with PID 6592 (D:\IdeaProjects\springBoot\target\classes started by acer in D:\IdeaProjects\springBoot)
2024-11-03T11:17:19.473+08:00  INFO 6592 --- [main] com.example.demo.DemoApplication         : The following 1 profile is active: "dev"
2024-11-03T11:17:20.189+08:00  INFO 6592 --- [main] .s.d.r.c.RepositoryConfigurationDelegate : Bootstrapping Spring Data JPA repositories in DEFAULT mode.
2024-11-03T11:17:20.233+08:00  INFO 6592 --- [main] .s.d.r.c.RepositoryConfigurationDelegate : Finished Spring Data repository scanning in 37 ms. Found 1 JPA repository interface.
2024-11-03T11:17:20.678+08:00  INFO 6592 --- [main] o.s.b.w.embedded.tomcat.TomcatWebServer  : Tomcat initialized with port 80 (http)
2024-11-03T11:17:20.686+08:00  INFO 6592 --- [main] o.apache.catalina.core.StandardService   : Starting service [Tomcat]
2024-11-03T11:17:20.686+08:00  INFO 6592 --- [main] o.apache.catalina.core.StandardEngine    : Starting Servlet engine: [Apache Tomcat/10.1.16]
2024-11-03T11:17:20.745+08:00  INFO 6592 --- [main] o.a.c.c.C.[Tomcat].[localhost].[/]       : Initializing Spring embedded WebApplicationContext
2024-11-03T11:17:20.746+08:00  INFO 6592 --- [main] w.s.c.ServletWebServerApplicationContext : Root WebApplicationContext: initialization completed in 1231 ms
2024-11-03T11:17:20.863+08:00  INFO 6592 --- [main] o.hibernate.jpa.internal.util.LogHelper  : HHH000204: Processing PersistenceUnitInfo [name: default]
2024-11-03T11:17:20.933+08:00  INFO 6592 --- [main] org.hibernate.Version                    : HHH000412: Hibernate ORM core version 6.3.1.Final
2024-11-03T11:17:20.976+08:00  INFO 6592 --- [main] o.h.c.internal.RegionFactoryInitiator    : HHH000026: Second-level cache disabled
2024-11-03T11:17:21.190+08:00  INFO 6592 --- [main] o.s.o.j.p.SpringPersistenceUnitInfo      : No LoadTimeWeaver setup: ignoring JPA class transformer
2024-11-03T11:17:21.213+08:00  INFO 6592 --- [main] com.zaxxer.hikari.HikariDataSource       : HikariPool-1 - Starting...
2024-11-03T11:17:21.460+08:00  INFO 6592 --- [main] com.zaxxer.hikari.pool.HikariPool        : HikariPool-1 - Added connection com.mysql.cj.jdbc.ConnectionImpl@5cb8580
2024-11-03T11:17:21.461+08:00  INFO 6592 --- [main] com.zaxxer.hikari.HikariDataSource       : HikariPool-1 - Start completed.
2024-11-03T11:17:22.377+08:00  INFO 6592 --- [main] o.h.e.t.j.p.i.JtaPlatformInitiator       : HHH000489: No JTA platform available (set 'hibernate.transaction.jta.platform' to enable JTA platform integration)
2024-11-03T11:17:22.451+08:00  INFO 6592 --- [main] j.LocalContainerEntityManagerFactoryBean : Initialized JPA EntityManagerFactory for persistence unit 'default'
2024-11-03T11:17:22.751+08:00  INFO 6592 --- [main] o.s.d.j.r.query.QueryEnhancerFactory     : JSqlParser is in classpath; If applicable, JSqlParser will be used
2024-11-03T11:17:22.751+08:00  INFO 6592 --- [main] o.s.d.j.r.query.QueryEnhancerFactory     : Hibernate is in classpath; If applicable, HQL parser will be used.
2024-11-03T11:17:23.378+08:00  INFO 6592 --- [main] test                                     : Hello World
2024-11-03T11:17:23.378+08:00  INFO 6592 --- [main] c.e.demo.controller.TestController       : SLF4Jュ淇℃
2024-11-03T11:17:23.487+08:00  WARN 6592 --- [main] JpaBaseConfiguration$JpaWebConfiguration : spring.jpa.open-in-view is enabled by default. Therefore, database queries may be performed during view rendering. Explicitly configure spring.jpa.open-in-view to disable this warning
2024-11-03T11:17:23.503+08:00  INFO 6592 --- [main] o.s.b.a.w.s.WelcomePageHandlerMapping    : Adding welcome page template: index
2024-11-03T11:17:23.852+08:00  INFO 6592 --- [main] o.s.b.w.embedded.tomcat.TomcatWebServer  : Tomcat started on port 80 (http) with context path ''
2024-11-03T11:17:23.859+08:00  INFO 6592 --- [main] com.example.demo.DemoApplication         : Started DemoApplication in 4.985 seconds (process running for 5.592)
2024-11-03T11:17:31.044+08:00  INFO 6592 --- [http-nio-80-exec-1] o.a.c.c.C.[Tomcat].[localhost].[/]       : Initializing Spring DispatcherServlet 'dispatcherServlet'
2024-11-03T11:17:31.044+08:00  INFO 6592 --- [http-nio-80-exec-1] o.s.web.servlet.DispatcherServlet        : Initializing Servlet 'dispatcherServlet'
2024-11-03T11:17:31.045+08:00  INFO 6592 --- [http-nio-80-exec-1] o.s.web.servlet.DispatcherServlet        : Completed initialization in 1 ms
2024-11-03T11:17:34.113+08:00  WARN 6592 --- [http-nio-80-exec-7] o.s.web.servlet.PageNotFound             : No mapping for GET /favicon.ico
2024-11-03T11:17:34.120+08:00  WARN 6592 --- [http-nio-80-exec-7] o.s.web.servlet.PageNotFound             : No endpoint GET /favicon.ico.
2024-11-03T11:54:06.092+08:00  INFO 6592 --- [SpringApplicationShutdownHook] j.LocalContainerEntityManagerFactoryBean : Closing JPA EntityManagerFactory for persistence unit 'default'
2024-11-03T11:54:06.095+08:00  INFO 6592 --- [SpringApplicationShutdownHook] com.zaxxer.hikari.HikariDataSource       : HikariPool-1 - Shutdown initiated...
2024-11-03T11:54:06.100+08:00  INFO 6592 --- [SpringApplicationShutdownHook] com.zaxxer.hikari.HikariDataSource       : HikariPool-1 - Shutdown completed.
2024-11-03T11:54:10.944+08:00  INFO 10444 --- [main] com.example.demo.DemoApplication         : Starting DemoApplication using Java 17.0.10 with PID 10444 (D:\IdeaProjects\springBoot\target\classes started by acer in D:\IdeaProjects\springBoot)
2024-11-03T11:54:10.946+08:00  INFO 10444 --- [main] com.example.demo.DemoApplication         : The following 1 profile is active: "dev"
2024-11-03T11:54:11.831+08:00  INFO 10444 --- [main] .s.d.r.c.RepositoryConfigurationDelegate : Bootstrapping Spring Data JPA repositories in DEFAULT mode.
2024-11-03T11:54:11.880+08:00  INFO 10444 --- [main] .s.d.r.c.RepositoryConfigurationDelegate : Finished Spring Data repository scanning in 37 ms. Found 1 JPA repository interface.
2024-11-03T11:54:12.349+08:00  INFO 10444 --- [main] o.s.b.w.embedded.tomcat.TomcatWebServer  : Tomcat initialized with port 80 (http)
2024-11-03T11:54:12.357+08:00  INFO 10444 --- [main] o.apache.catalina.core.StandardService   : Starting service [Tomcat]
2024-11-03T11:54:12.357+08:00  INFO 10444 --- [main] o.apache.catalina.core.StandardEngine    : Starting Servlet engine: [Apache Tomcat/10.1.16]
2024-11-03T11:54:12.419+08:00  INFO 10444 --- [main] o.a.c.c.C.[Tomcat].[localhost].[/]       : Initializing Spring embedded WebApplicationContext
2024-11-03T11:54:12.419+08:00  INFO 10444 --- [main] w.s.c.ServletWebServerApplicationContext : Root WebApplicationContext: initialization completed in 1422 ms
2024-11-03T11:54:12.552+08:00  INFO 10444 --- [main] o.hibernate.jpa.internal.util.LogHelper  : HHH000204: Processing PersistenceUnitInfo [name: default]
2024-11-03T11:54:12.626+08:00  INFO 10444 --- [main] org.hibernate.Version                    : HHH000412: Hibernate ORM core version 6.3.1.Final
2024-11-03T11:54:12.659+08:00  INFO 10444 --- [main] o.h.c.internal.RegionFactoryInitiator    : HHH000026: Second-level cache disabled
2024-11-03T11:54:12.884+08:00  INFO 10444 --- [main] o.s.o.j.p.SpringPersistenceUnitInfo      : No LoadTimeWeaver setup: ignoring JPA class transformer
2024-11-03T11:54:12.906+08:00  INFO 10444 --- [main] com.zaxxer.hikari.HikariDataSource       : HikariPool-1 - Starting...
2024-11-03T11:54:13.172+08:00  INFO 10444 --- [main] com.zaxxer.hikari.pool.HikariPool        : HikariPool-1 - Added connection com.mysql.cj.jdbc.ConnectionImpl@5c25daad
2024-11-03T11:54:13.175+08:00  INFO 10444 --- [main] com.zaxxer.hikari.HikariDataSource       : HikariPool-1 - Start completed.
2024-11-03T11:54:14.191+08:00  INFO 10444 --- [main] o.h.e.t.j.p.i.JtaPlatformInitiator       : HHH000489: No JTA platform available (set 'hibernate.transaction.jta.platform' to enable JTA platform integration)
2024-11-03T11:54:14.270+08:00  INFO 10444 --- [main] j.LocalContainerEntityManagerFactoryBean : Initialized JPA EntityManagerFactory for persistence unit 'default'
2024-11-03T11:54:14.580+08:00  INFO 10444 --- [main] o.s.d.j.r.query.QueryEnhancerFactory     : JSqlParser is in classpath; If applicable, JSqlParser will be used
2024-11-03T11:54:14.581+08:00  INFO 10444 --- [main] o.s.d.j.r.query.QueryEnhancerFactory     : Hibernate is in classpath; If applicable, HQL parser will be used.
2024-11-03T11:54:15.235+08:00  INFO 10444 --- [main] test                                     : Hello World
2024-11-03T11:54:15.235+08:00  INFO 10444 --- [main] c.e.demo.controller.TestController       : SLF4Jュ淇℃
2024-11-03T11:54:15.337+08:00  WARN 10444 --- [main] JpaBaseConfiguration$JpaWebConfiguration : spring.jpa.open-in-view is enabled by default. Therefore, database queries may be performed during view rendering. Explicitly configure spring.jpa.open-in-view to disable this warning
2024-11-03T11:54:15.359+08:00  INFO 10444 --- [main] o.s.b.a.w.s.WelcomePageHandlerMapping    : Adding welcome page template: index
2024-11-03T11:54:15.730+08:00  INFO 10444 --- [main] o.s.b.w.embedded.tomcat.TomcatWebServer  : Tomcat started on port 80 (http) with context path ''
2024-11-03T11:54:15.739+08:00  INFO 10444 --- [main] com.example.demo.DemoApplication         : Started DemoApplication in 5.559 seconds (process running for 6.258)
2024-11-03T11:54:31.687+08:00  INFO 10444 --- [http-nio-80-exec-1] o.a.c.c.C.[Tomcat].[localhost].[/]       : Initializing Spring DispatcherServlet 'dispatcherServlet'
2024-11-03T11:54:31.687+08:00  INFO 10444 --- [http-nio-80-exec-1] o.s.web.servlet.DispatcherServlet        : Initializing Servlet 'dispatcherServlet'
2024-11-03T11:54:31.688+08:00  INFO 10444 --- [http-nio-80-exec-1] o.s.web.servlet.DispatcherServlet        : Completed initialization in 1 ms
2024-11-03T13:21:45.296+08:00  INFO 10444 --- [SpringApplicationShutdownHook] j.LocalContainerEntityManagerFactoryBean : Closing JPA EntityManagerFactory for persistence unit 'default'
2024-11-03T13:21:45.309+08:00  INFO 10444 --- [SpringApplicationShutdownHook] com.zaxxer.hikari.HikariDataSource       : HikariPool-1 - Shutdown initiated...
2024-11-03T13:21:45.316+08:00  INFO 10444 --- [SpringApplicationShutdownHook] com.zaxxer.hikari.HikariDataSource       : HikariPool-1 - Shutdown completed.
2024-11-03T13:21:52.962+08:00  INFO 4084 --- [main] com.example.demo.DemoApplication         : Starting DemoApplication using Java 17.0.10 with PID 4084 (D:\IdeaProjects\springBoot\target\classes started by acer in D:\IdeaProjects\springBoot)
2024-11-03T13:21:52.965+08:00  INFO 4084 --- [main] com.example.demo.DemoApplication         : The following 1 profile is active: "dev"
2024-11-03T13:21:54.070+08:00  INFO 4084 --- [main] .s.d.r.c.RepositoryConfigurationDelegate : Bootstrapping Spring Data JPA repositories in DEFAULT mode.
2024-11-03T13:21:54.148+08:00  INFO 4084 --- [main] .s.d.r.c.RepositoryConfigurationDelegate : Finished Spring Data repository scanning in 69 ms. Found 1 JPA repository interface.
2024-11-03T13:21:54.835+08:00  INFO 4084 --- [main] o.s.b.w.embedded.tomcat.TomcatWebServer  : Tomcat initialized with port 80 (http)
2024-11-03T13:21:54.844+08:00  INFO 4084 --- [main] o.apache.catalina.core.StandardService   : Starting service [Tomcat]
2024-11-03T13:21:54.845+08:00  INFO 4084 --- [main] o.apache.catalina.core.StandardEngine    : Starting Servlet engine: [Apache Tomcat/10.1.16]
2024-11-03T13:21:54.932+08:00  INFO 4084 --- [main] o.a.c.c.C.[Tomcat].[localhost].[/]       : Initializing Spring embedded WebApplicationContext
2024-11-03T13:21:54.933+08:00  INFO 4084 --- [main] w.s.c.ServletWebServerApplicationContext : Root WebApplicationContext: initialization completed in 1901 ms
2024-11-03T13:21:55.124+08:00  INFO 4084 --- [main] o.hibernate.jpa.internal.util.LogHelper  : HHH000204: Processing PersistenceUnitInfo [name: default]
2024-11-03T13:21:55.204+08:00  INFO 4084 --- [main] org.hibernate.Version                    : HHH000412: Hibernate ORM core version 6.3.1.Final
2024-11-03T13:21:55.257+08:00  INFO 4084 --- [main] o.h.c.internal.RegionFactoryInitiator    : HHH000026: Second-level cache disabled
2024-11-03T13:21:55.581+08:00  INFO 4084 --- [main] o.s.o.j.p.SpringPersistenceUnitInfo      : No LoadTimeWeaver setup: ignoring JPA class transformer
2024-11-03T13:21:55.615+08:00  INFO 4084 --- [main] com.zaxxer.hikari.HikariDataSource       : HikariPool-1 - Starting...
2024-11-03T13:21:55.962+08:00  INFO 4084 --- [main] com.zaxxer.hikari.pool.HikariPool        : HikariPool-1 - Added connection com.mysql.cj.jdbc.ConnectionImpl@1aa59698
2024-11-03T13:21:55.965+08:00  INFO 4084 --- [main] com.zaxxer.hikari.HikariDataSource       : HikariPool-1 - Start completed.
2024-11-03T13:21:57.220+08:00  INFO 4084 --- [main] o.h.e.t.j.p.i.JtaPlatformInitiator       : HHH000489: No JTA platform available (set 'hibernate.transaction.jta.platform' to enable JTA platform integration)
2024-11-03T13:21:57.311+08:00  INFO 4084 --- [main] j.LocalContainerEntityManagerFactoryBean : Initialized JPA EntityManagerFactory for persistence unit 'default'
2024-11-03T13:21:57.681+08:00  INFO 4084 --- [main] o.s.d.j.r.query.QueryEnhancerFactory     : JSqlParser is in classpath; If applicable, JSqlParser will be used
2024-11-03T13:21:57.682+08:00  INFO 4084 --- [main] o.s.d.j.r.query.QueryEnhancerFactory     : Hibernate is in classpath; If applicable, HQL parser will be used.
2024-11-03T13:21:58.592+08:00  INFO 4084 --- [main] test                                     : Hello World
2024-11-03T13:21:58.592+08:00  INFO 4084 --- [main] c.e.demo.controller.TestController       : SLF4Jュ淇℃
2024-11-03T13:21:58.722+08:00  WARN 4084 --- [main] JpaBaseConfiguration$JpaWebConfiguration : spring.jpa.open-in-view is enabled by default. Therefore, database queries may be performed during view rendering. Explicitly configure spring.jpa.open-in-view to disable this warning
2024-11-03T13:21:58.750+08:00  INFO 4084 --- [main] o.s.b.a.w.s.WelcomePageHandlerMapping    : Adding welcome page template: index
2024-11-03T13:21:59.269+08:00  INFO 4084 --- [main] o.s.b.w.embedded.tomcat.TomcatWebServer  : Tomcat started on port 80 (http) with context path ''
2024-11-03T13:21:59.283+08:00  INFO 4084 --- [main] com.example.demo.DemoApplication         : Started DemoApplication in 7.05 seconds (process running for 7.823)
2024-11-03T13:22:52.194+08:00  INFO 4084 --- [http-nio-80-exec-1] o.a.c.c.C.[Tomcat].[localhost].[/]       : Initializing Spring DispatcherServlet 'dispatcherServlet'
2024-11-03T13:22:52.195+08:00  INFO 4084 --- [http-nio-80-exec-1] o.s.web.servlet.DispatcherServlet        : Initializing Servlet 'dispatcherServlet'
2024-11-03T13:22:52.197+08:00  INFO 4084 --- [http-nio-80-exec-1] o.s.web.servlet.DispatcherServlet        : Completed initialization in 2 ms
2024-11-03T13:23:27.334+08:00  INFO 4084 --- [SpringApplicationShutdownHook] j.LocalContainerEntityManagerFactoryBean : Closing JPA EntityManagerFactory for persistence unit 'default'
2024-11-03T13:23:27.336+08:00  INFO 4084 --- [SpringApplicationShutdownHook] com.zaxxer.hikari.HikariDataSource       : HikariPool-1 - Shutdown initiated...
2024-11-03T13:23:27.343+08:00  INFO 4084 --- [SpringApplicationShutdownHook] com.zaxxer.hikari.HikariDataSource       : HikariPool-1 - Shutdown completed.
2024-11-03T14:16:57.851+08:00  INFO 3516 --- [main] com.example.demo.DemoApplicationTests    : Starting DemoApplicationTests using Java 17.0.10 with PID 3516 (started by acer in D:\IdeaProjects\springBoot)
2024-11-03T14:16:57.853+08:00  INFO 3516 --- [main] com.example.demo.DemoApplicationTests    : The following 1 profile is active: "dev"
2024-11-03T14:16:59.342+08:00  INFO 3516 --- [main] .s.d.r.c.RepositoryConfigurationDelegate : Bootstrapping Spring Data JPA repositories in DEFAULT mode.
2024-11-03T14:16:59.441+08:00  INFO 3516 --- [main] .s.d.r.c.RepositoryConfigurationDelegate : Finished Spring Data repository scanning in 74 ms. Found 1 JPA repository interface.
2024-11-03T14:17:00.200+08:00  INFO 3516 --- [main] o.hibernate.jpa.internal.util.LogHelper  : HHH000204: Processing PersistenceUnitInfo [name: default]
2024-11-03T14:17:00.328+08:00  INFO 3516 --- [main] org.hibernate.Version                    : HHH000412: Hibernate ORM core version 6.3.1.Final
2024-11-03T14:17:00.392+08:00  INFO 3516 --- [main] o.h.c.internal.RegionFactoryInitiator    : HHH000026: Second-level cache disabled
2024-11-03T14:17:00.875+08:00  INFO 3516 --- [main] o.s.o.j.p.SpringPersistenceUnitInfo      : No LoadTimeWeaver setup: ignoring JPA class transformer
2024-11-03T14:17:00.920+08:00  INFO 3516 --- [main] com.zaxxer.hikari.HikariDataSource       : HikariPool-1 - Starting...
2024-11-03T14:17:01.434+08:00  INFO 3516 --- [main] com.zaxxer.hikari.pool.HikariPool        : HikariPool-1 - Added connection com.mysql.cj.jdbc.ConnectionImpl@2375a976
2024-11-03T14:17:01.440+08:00  INFO 3516 --- [main] com.zaxxer.hikari.HikariDataSource       : HikariPool-1 - Start completed.
2024-11-03T14:17:02.957+08:00  INFO 3516 --- [main] o.h.e.t.j.p.i.JtaPlatformInitiator       : HHH000489: No JTA platform available (set 'hibernate.transaction.jta.platform' to enable JTA platform integration)
2024-11-03T14:17:03.073+08:00  INFO 3516 --- [main] j.LocalContainerEntityManagerFactoryBean : Initialized JPA EntityManagerFactory for persistence unit 'default'
2024-11-03T14:17:03.697+08:00  INFO 3516 --- [main] o.s.d.j.r.query.QueryEnhancerFactory     : JSqlParser is in classpath; If applicable, JSqlParser will be used
2024-11-03T14:17:03.697+08:00  INFO 3516 --- [main] o.s.d.j.r.query.QueryEnhancerFactory     : Hibernate is in classpath; If applicable, HQL parser will be used.
2024-11-03T14:17:04.751+08:00  INFO 3516 --- [main] test                                     : Hello World
2024-11-03T14:17:04.751+08:00  INFO 3516 --- [main] c.e.demo.controller.TestController       : 我是SLF4J日志信息
2024-11-03T14:17:05.054+08:00  WARN 3516 --- [main] JpaBaseConfiguration$JpaWebConfiguration : spring.jpa.open-in-view is enabled by default. Therefore, database queries may be performed during view rendering. Explicitly configure spring.jpa.open-in-view to disable this warning
2024-11-03T14:17:05.093+08:00  INFO 3516 --- [main] o.s.b.a.w.s.WelcomePageHandlerMapping    : Adding welcome page template: index
2024-11-03T14:17:05.724+08:00  INFO 3516 --- [main] com.example.demo.DemoApplicationTests    : Started DemoApplicationTests in 8.552 seconds (process running for 10.048)
2024-11-03T14:17:06.640+08:00  INFO 3516 --- [SpringApplicationShutdownHook] j.LocalContainerEntityManagerFactoryBean : Closing JPA EntityManagerFactory for persistence unit 'default'
2024-11-03T14:17:06.643+08:00  INFO 3516 --- [SpringApplicationShutdownHook] com.zaxxer.hikari.HikariDataSource       : HikariPool-1 - Shutdown initiated...
2024-11-03T14:17:06.662+08:00  INFO 3516 --- [SpringApplicationShutdownHook] com.zaxxer.hikari.HikariDataSource       : HikariPool-1 - Shutdown completed.
2024-11-03T16:05:40.227+08:00  INFO 17608 --- [main] com.example.demo.DemoApplication         : Starting DemoApplication using Java 17.0.10 with PID 17608 (D:\IdeaProjects\springBoot\target\classes started by acer in D:\IdeaProjects\springBoot)
2024-11-03T16:05:40.229+08:00  INFO 17608 --- [main] com.example.demo.DemoApplication         : The following 1 profile is active: "dev"
2024-11-03T16:05:40.989+08:00  INFO 17608 --- [main] .s.d.r.c.RepositoryConfigurationDelegate : Bootstrapping Spring Data JPA repositories in DEFAULT mode.
2024-11-03T16:05:41.035+08:00  INFO 17608 --- [main] .s.d.r.c.RepositoryConfigurationDelegate : Finished Spring Data repository scanning in 39 ms. Found 1 JPA repository interface.
2024-11-03T16:05:41.496+08:00  INFO 17608 --- [main] o.s.b.w.embedded.tomcat.TomcatWebServer  : Tomcat initialized with port 80 (http)
2024-11-03T16:05:41.507+08:00  INFO 17608 --- [main] o.apache.catalina.core.StandardService   : Starting service [Tomcat]
2024-11-03T16:05:41.507+08:00  INFO 17608 --- [main] o.apache.catalina.core.StandardEngine    : Starting Servlet engine: [Apache Tomcat/10.1.16]
2024-11-03T16:05:41.566+08:00  INFO 17608 --- [main] o.a.c.c.C.[Tomcat].[localhost].[/]       : Initializing Spring embedded WebApplicationContext
2024-11-03T16:05:41.566+08:00  INFO 17608 --- [main] w.s.c.ServletWebServerApplicationContext : Root WebApplicationContext: initialization completed in 1294 ms
2024-11-03T16:05:41.695+08:00  INFO 17608 --- [main] o.hibernate.jpa.internal.util.LogHelper  : HHH000204: Processing PersistenceUnitInfo [name: default]
2024-11-03T16:05:41.763+08:00  INFO 17608 --- [main] org.hibernate.Version                    : HHH000412: Hibernate ORM core version 6.3.1.Final
2024-11-03T16:05:41.796+08:00  INFO 17608 --- [main] o.h.c.internal.RegionFactoryInitiator    : HHH000026: Second-level cache disabled
2024-11-03T16:05:41.997+08:00  INFO 17608 --- [main] o.s.o.j.p.SpringPersistenceUnitInfo      : No LoadTimeWeaver setup: ignoring JPA class transformer
2024-11-03T16:05:42.021+08:00  INFO 17608 --- [main] com.zaxxer.hikari.HikariDataSource       : HikariPool-1 - Starting...
2024-11-03T16:05:42.268+08:00  INFO 17608 --- [main] com.zaxxer.hikari.pool.HikariPool        : HikariPool-1 - Added connection com.mysql.cj.jdbc.ConnectionImpl@2168def
2024-11-03T16:05:42.271+08:00  INFO 17608 --- [main] com.zaxxer.hikari.HikariDataSource       : HikariPool-1 - Start completed.
2024-11-03T16:05:43.281+08:00  INFO 17608 --- [main] o.h.e.t.j.p.i.JtaPlatformInitiator       : HHH000489: No JTA platform available (set 'hibernate.transaction.jta.platform' to enable JTA platform integration)
2024-11-03T16:05:43.368+08:00  INFO 17608 --- [main] j.LocalContainerEntityManagerFactoryBean : Initialized JPA EntityManagerFactory for persistence unit 'default'
2024-11-03T16:05:43.684+08:00  INFO 17608 --- [main] o.s.d.j.r.query.QueryEnhancerFactory     : JSqlParser is in classpath; If applicable, JSqlParser will be used
2024-11-03T16:05:43.684+08:00  INFO 17608 --- [main] o.s.d.j.r.query.QueryEnhancerFactory     : Hibernate is in classpath; If applicable, HQL parser will be used.
2024-11-03T16:05:44.486+08:00  WARN 17608 --- [main] JpaBaseConfiguration$JpaWebConfiguration : spring.jpa.open-in-view is enabled by default. Therefore, database queries may be performed during view rendering. Explicitly configure spring.jpa.open-in-view to disable this warning
2024-11-03T16:05:44.507+08:00  INFO 17608 --- [main] o.s.b.a.w.s.WelcomePageHandlerMapping    : Adding welcome page template: index
2024-11-03T16:05:44.569+08:00  WARN 17608 --- [main] ConfigServletWebServerApplicationContext : Exception encountered during context initialization - cancelling refresh attempt: org.springframework.beans.factory.BeanCreationException: Error creating bean with name 'requestMappingHandlerMapping' defined in class path resource [org/springframework/boot/autoconfigure/web/servlet/WebMvcAutoConfiguration$EnableWebMvcConfiguration.class]: Ambiguous mapping. Cannot map 'testController' method 
com.example.demo.controller.TestController#hello()
to {GET [/hello]}: There is already 'testController' bean method
com.example.demo.controller.TestController#hello(HttpServletRequest) mapped.
2024-11-03T16:05:44.570+08:00  INFO 17608 --- [main] j.LocalContainerEntityManagerFactoryBean : Closing JPA EntityManagerFactory for persistence unit 'default'
2024-11-03T16:05:44.572+08:00  INFO 17608 --- [main] com.zaxxer.hikari.HikariDataSource       : HikariPool-1 - Shutdown initiated...
2024-11-03T16:05:44.581+08:00  INFO 17608 --- [main] com.zaxxer.hikari.HikariDataSource       : HikariPool-1 - Shutdown completed.
2024-11-03T16:05:44.583+08:00  INFO 17608 --- [main] o.apache.catalina.core.StandardService   : Stopping service [Tomcat]
2024-11-03T16:05:44.601+08:00  INFO 17608 --- [main] .s.b.a.l.ConditionEvaluationReportLogger : 

Error starting ApplicationContext. To display the condition evaluation report re-run your application with 'debug' enabled.
2024-11-03T16:05:44.619+08:00 ERROR 17608 --- [main] o.s.boot.SpringApplication               : Application run failed

org.springframework.beans.factory.BeanCreationException: Error creating bean with name 'requestMappingHandlerMapping' defined in class path resource [org/springframework/boot/autoconfigure/web/servlet/WebMvcAutoConfiguration$EnableWebMvcConfiguration.class]: Ambiguous mapping. Cannot map 'testController' method 
com.example.demo.controller.TestController#hello()
to {GET [/hello]}: There is already 'testController' bean method
com.example.demo.controller.TestController#hello(HttpServletRequest) mapped.
	at org.springframework.beans.factory.support.AbstractAutowireCapableBeanFactory.initializeBean(AbstractAutowireCapableBeanFactory.java:1775)
	at org.springframework.beans.factory.support.AbstractAutowireCapableBeanFactory.doCreateBean(AbstractAutowireCapableBeanFactory.java:601)
	at org.springframework.beans.factory.support.AbstractAutowireCapableBeanFactory.createBean(AbstractAutowireCapableBeanFactory.java:523)
	at org.springframework.beans.factory.support.AbstractBeanFactory.lambda$doGetBean$0(AbstractBeanFactory.java:325)
	at org.springframework.beans.factory.support.DefaultSingletonBeanRegistry.getSingleton(DefaultSingletonBeanRegistry.java:234)
	at org.springframework.beans.factory.support.AbstractBeanFactory.doGetBean(AbstractBeanFactory.java:323)
	at org.springframework.beans.factory.support.AbstractBeanFactory.getBean(AbstractBeanFactory.java:199)
	at org.springframework.beans.factory.support.DefaultListableBeanFactory.preInstantiateSingletons(DefaultListableBeanFactory.java:973)
	at org.springframework.context.support.AbstractApplicationContext.finishBeanFactoryInitialization(AbstractApplicationContext.java:946)
	at org.springframework.context.support.AbstractApplicationContext.refresh(AbstractApplicationContext.java:616)
	at org.springframework.boot.web.servlet.context.ServletWebServerApplicationContext.refresh(ServletWebServerApplicationContext.java:146)
	at org.springframework.boot.SpringApplication.refresh(SpringApplication.java:753)
	at org.springframework.boot.SpringApplication.refreshContext(SpringApplication.java:455)
	at org.springframework.boot.SpringApplication.run(SpringApplication.java:323)
	at org.springframework.boot.SpringApplication.run(SpringApplication.java:1342)
	at org.springframework.boot.SpringApplication.run(SpringApplication.java:1331)
	at com.example.demo.DemoApplication.main(DemoApplication.java:17)
Caused by: java.lang.IllegalStateException: Ambiguous mapping. Cannot map 'testController' method 
com.example.demo.controller.TestController#hello()
to {GET [/hello]}: There is already 'testController' bean method
com.example.demo.controller.TestController#hello(HttpServletRequest) mapped.
	at org.springframework.web.servlet.handler.AbstractHandlerMethodMapping$MappingRegistry.validateMethodMapping(AbstractHandlerMethodMapping.java:667)
	at org.springframework.web.servlet.handler.AbstractHandlerMethodMapping$MappingRegistry.register(AbstractHandlerMethodMapping.java:633)
	at org.springframework.web.servlet.handler.AbstractHandlerMethodMapping.registerHandlerMethod(AbstractHandlerMethodMapping.java:331)
	at org.springframework.web.servlet.mvc.method.annotation.RequestMappingHandlerMapping.registerHandlerMethod(RequestMappingHandlerMapping.java:486)
	at org.springframework.web.servlet.mvc.method.annotation.RequestMappingHandlerMapping.registerHandlerMethod(RequestMappingHandlerMapping.java:79)
	at org.springframework.web.servlet.handler.AbstractHandlerMethodMapping.lambda$detectHandlerMethods$2(AbstractHandlerMethodMapping.java:298)
	at java.base/java.util.LinkedHashMap.forEach(LinkedHashMap.java:721)
	at org.springframework.web.servlet.handler.AbstractHandlerMethodMapping.detectHandlerMethods(AbstractHandlerMethodMapping.java:296)
	at org.springframework.web.servlet.handler.AbstractHandlerMethodMapping.processCandidateBean(AbstractHandlerMethodMapping.java:265)
	at org.springframework.web.servlet.handler.AbstractHandlerMethodMapping.initHandlerMethods(AbstractHandlerMethodMapping.java:224)
	at org.springframework.web.servlet.handler.AbstractHandlerMethodMapping.afterPropertiesSet(AbstractHandlerMethodMapping.java:212)
	at org.springframework.web.servlet.mvc.method.annotation.RequestMappingHandlerMapping.afterPropertiesSet(RequestMappingHandlerMapping.java:233)
	at org.springframework.beans.factory.support.AbstractAutowireCapableBeanFactory.invokeInitMethods(AbstractAutowireCapableBeanFactory.java:1822)
	at org.springframework.beans.factory.support.AbstractAutowireCapableBeanFactory.initializeBean(AbstractAutowireCapableBeanFactory.java:1771)
	... 16 common frames omitted

2024-11-03T16:06:38.057+08:00  INFO 4600 --- [main] com.example.demo.DemoApplication         : Starting DemoApplication using Java 17.0.10 with PID 4600 (D:\IdeaProjects\springBoot\target\classes started by acer in D:\IdeaProjects\springBoot)
2024-11-03T16:06:38.059+08:00  INFO 4600 --- [main] com.example.demo.DemoApplication         : The following 1 profile is active: "dev"
2024-11-03T16:06:38.803+08:00  INFO 4600 --- [main] .s.d.r.c.RepositoryConfigurationDelegate : Bootstrapping Spring Data JPA repositories in DEFAULT mode.
2024-11-03T16:06:38.844+08:00  INFO 4600 --- [main] .s.d.r.c.RepositoryConfigurationDelegate : Finished Spring Data repository scanning in 34 ms. Found 1 JPA repository interface.
2024-11-03T16:06:39.307+08:00  INFO 4600 --- [main] o.s.b.w.embedded.tomcat.TomcatWebServer  : Tomcat initialized with port 80 (http)
2024-11-03T16:06:39.315+08:00  INFO 4600 --- [main] o.apache.catalina.core.StandardService   : Starting service [Tomcat]
2024-11-03T16:06:39.315+08:00  INFO 4600 --- [main] o.apache.catalina.core.StandardEngine    : Starting Servlet engine: [Apache Tomcat/10.1.16]
2024-11-03T16:06:39.375+08:00  INFO 4600 --- [main] o.a.c.c.C.[Tomcat].[localhost].[/]       : Initializing Spring embedded WebApplicationContext
2024-11-03T16:06:39.376+08:00  INFO 4600 --- [main] w.s.c.ServletWebServerApplicationContext : Root WebApplicationContext: initialization completed in 1272 ms
2024-11-03T16:06:39.500+08:00  INFO 4600 --- [main] o.hibernate.jpa.internal.util.LogHelper  : HHH000204: Processing PersistenceUnitInfo [name: default]
2024-11-03T16:06:39.574+08:00  INFO 4600 --- [main] org.hibernate.Version                    : HHH000412: Hibernate ORM core version 6.3.1.Final
2024-11-03T16:06:39.604+08:00  INFO 4600 --- [main] o.h.c.internal.RegionFactoryInitiator    : HHH000026: Second-level cache disabled
2024-11-03T16:06:39.796+08:00  INFO 4600 --- [main] o.s.o.j.p.SpringPersistenceUnitInfo      : No LoadTimeWeaver setup: ignoring JPA class transformer
2024-11-03T16:06:39.819+08:00  INFO 4600 --- [main] com.zaxxer.hikari.HikariDataSource       : HikariPool-1 - Starting...
2024-11-03T16:06:40.072+08:00  INFO 4600 --- [main] com.zaxxer.hikari.pool.HikariPool        : HikariPool-1 - Added connection com.mysql.cj.jdbc.ConnectionImpl@2168def
2024-11-03T16:06:40.074+08:00  INFO 4600 --- [main] com.zaxxer.hikari.HikariDataSource       : HikariPool-1 - Start completed.
2024-11-03T16:06:41.017+08:00  INFO 4600 --- [main] o.h.e.t.j.p.i.JtaPlatformInitiator       : HHH000489: No JTA platform available (set 'hibernate.transaction.jta.platform' to enable JTA platform integration)
2024-11-03T16:06:41.092+08:00  INFO 4600 --- [main] j.LocalContainerEntityManagerFactoryBean : Initialized JPA EntityManagerFactory for persistence unit 'default'
2024-11-03T16:06:41.384+08:00  INFO 4600 --- [main] o.s.d.j.r.query.QueryEnhancerFactory     : JSqlParser is in classpath; If applicable, JSqlParser will be used
2024-11-03T16:06:41.384+08:00  INFO 4600 --- [main] o.s.d.j.r.query.QueryEnhancerFactory     : Hibernate is in classpath; If applicable, HQL parser will be used.
2024-11-03T16:06:42.087+08:00  WARN 4600 --- [main] JpaBaseConfiguration$JpaWebConfiguration : spring.jpa.open-in-view is enabled by default. Therefore, database queries may be performed during view rendering. Explicitly configure spring.jpa.open-in-view to disable this warning
2024-11-03T16:06:42.105+08:00  INFO 4600 --- [main] o.s.b.a.w.s.WelcomePageHandlerMapping    : Adding welcome page template: index
2024-11-03T16:06:42.161+08:00  WARN 4600 --- [main] ConfigServletWebServerApplicationContext : Exception encountered during context initialization - cancelling refresh attempt: org.springframework.beans.factory.BeanCreationException: Error creating bean with name 'requestMappingHandlerMapping' defined in class path resource [org/springframework/boot/autoconfigure/web/servlet/WebMvcAutoConfiguration$EnableWebMvcConfiguration.class]: Ambiguous mapping. Cannot map 'testController' method 
com.example.demo.controller.TestController#hello()
to {GET [/hello]}: There is already 'testController' bean method
com.example.demo.controller.TestController#hello(HttpServletRequest) mapped.
2024-11-03T16:06:42.162+08:00  INFO 4600 --- [main] j.LocalContainerEntityManagerFactoryBean : Closing JPA EntityManagerFactory for persistence unit 'default'
2024-11-03T16:06:42.164+08:00  INFO 4600 --- [main] com.zaxxer.hikari.HikariDataSource       : HikariPool-1 - Shutdown initiated...
2024-11-03T16:06:42.171+08:00  INFO 4600 --- [main] com.zaxxer.hikari.HikariDataSource       : HikariPool-1 - Shutdown completed.
2024-11-03T16:06:42.174+08:00  INFO 4600 --- [main] o.apache.catalina.core.StandardService   : Stopping service [Tomcat]
2024-11-03T16:06:42.185+08:00  INFO 4600 --- [main] .s.b.a.l.ConditionEvaluationReportLogger : 

Error starting ApplicationContext. To display the condition evaluation report re-run your application with 'debug' enabled.
2024-11-03T16:06:42.200+08:00 ERROR 4600 --- [main] o.s.boot.SpringApplication               : Application run failed

org.springframework.beans.factory.BeanCreationException: Error creating bean with name 'requestMappingHandlerMapping' defined in class path resource [org/springframework/boot/autoconfigure/web/servlet/WebMvcAutoConfiguration$EnableWebMvcConfiguration.class]: Ambiguous mapping. Cannot map 'testController' method 
com.example.demo.controller.TestController#hello()
to {GET [/hello]}: There is already 'testController' bean method
com.example.demo.controller.TestController#hello(HttpServletRequest) mapped.
	at org.springframework.beans.factory.support.AbstractAutowireCapableBeanFactory.initializeBean(AbstractAutowireCapableBeanFactory.java:1775)
	at org.springframework.beans.factory.support.AbstractAutowireCapableBeanFactory.doCreateBean(AbstractAutowireCapableBeanFactory.java:601)
	at org.springframework.beans.factory.support.AbstractAutowireCapableBeanFactory.createBean(AbstractAutowireCapableBeanFactory.java:523)
	at org.springframework.beans.factory.support.AbstractBeanFactory.lambda$doGetBean$0(AbstractBeanFactory.java:325)
	at org.springframework.beans.factory.support.DefaultSingletonBeanRegistry.getSingleton(DefaultSingletonBeanRegistry.java:234)
	at org.springframework.beans.factory.support.AbstractBeanFactory.doGetBean(AbstractBeanFactory.java:323)
	at org.springframework.beans.factory.support.AbstractBeanFactory.getBean(AbstractBeanFactory.java:199)
	at org.springframework.beans.factory.support.DefaultListableBeanFactory.preInstantiateSingletons(DefaultListableBeanFactory.java:973)
	at org.springframework.context.support.AbstractApplicationContext.finishBeanFactoryInitialization(AbstractApplicationContext.java:946)
	at org.springframework.context.support.AbstractApplicationContext.refresh(AbstractApplicationContext.java:616)
	at org.springframework.boot.web.servlet.context.ServletWebServerApplicationContext.refresh(ServletWebServerApplicationContext.java:146)
	at org.springframework.boot.SpringApplication.refresh(SpringApplication.java:753)
	at org.springframework.boot.SpringApplication.refreshContext(SpringApplication.java:455)
	at org.springframework.boot.SpringApplication.run(SpringApplication.java:323)
	at org.springframework.boot.SpringApplication.run(SpringApplication.java:1342)
	at org.springframework.boot.SpringApplication.run(SpringApplication.java:1331)
	at com.example.demo.DemoApplication.main(DemoApplication.java:17)
Caused by: java.lang.IllegalStateException: Ambiguous mapping. Cannot map 'testController' method 
com.example.demo.controller.TestController#hello()
to {GET [/hello]}: There is already 'testController' bean method
com.example.demo.controller.TestController#hello(HttpServletRequest) mapped.
	at org.springframework.web.servlet.handler.AbstractHandlerMethodMapping$MappingRegistry.validateMethodMapping(AbstractHandlerMethodMapping.java:667)
	at org.springframework.web.servlet.handler.AbstractHandlerMethodMapping$MappingRegistry.register(AbstractHandlerMethodMapping.java:633)
	at org.springframework.web.servlet.handler.AbstractHandlerMethodMapping.registerHandlerMethod(AbstractHandlerMethodMapping.java:331)
	at org.springframework.web.servlet.mvc.method.annotation.RequestMappingHandlerMapping.registerHandlerMethod(RequestMappingHandlerMapping.java:486)
	at org.springframework.web.servlet.mvc.method.annotation.RequestMappingHandlerMapping.registerHandlerMethod(RequestMappingHandlerMapping.java:79)
	at org.springframework.web.servlet.handler.AbstractHandlerMethodMapping.lambda$detectHandlerMethods$2(AbstractHandlerMethodMapping.java:298)
	at java.base/java.util.LinkedHashMap.forEach(LinkedHashMap.java:721)
	at org.springframework.web.servlet.handler.AbstractHandlerMethodMapping.detectHandlerMethods(AbstractHandlerMethodMapping.java:296)
	at org.springframework.web.servlet.handler.AbstractHandlerMethodMapping.processCandidateBean(AbstractHandlerMethodMapping.java:265)
	at org.springframework.web.servlet.handler.AbstractHandlerMethodMapping.initHandlerMethods(AbstractHandlerMethodMapping.java:224)
	at org.springframework.web.servlet.handler.AbstractHandlerMethodMapping.afterPropertiesSet(AbstractHandlerMethodMapping.java:212)
	at org.springframework.web.servlet.mvc.method.annotation.RequestMappingHandlerMapping.afterPropertiesSet(RequestMappingHandlerMapping.java:233)
	at org.springframework.beans.factory.support.AbstractAutowireCapableBeanFactory.invokeInitMethods(AbstractAutowireCapableBeanFactory.java:1822)
	at org.springframework.beans.factory.support.AbstractAutowireCapableBeanFactory.initializeBean(AbstractAutowireCapableBeanFactory.java:1771)
	... 16 common frames omitted

2024-11-03T16:06:55.361+08:00  INFO 16276 --- [main] com.example.demo.DemoApplication         : Starting DemoApplication using Java 17.0.10 with PID 16276 (D:\IdeaProjects\springBoot\target\classes started by acer in D:\IdeaProjects\springBoot)
2024-11-03T16:06:55.363+08:00  INFO 16276 --- [main] com.example.demo.DemoApplication         : The following 1 profile is active: "dev"
2024-11-03T16:06:56.108+08:00  INFO 16276 --- [main] .s.d.r.c.RepositoryConfigurationDelegate : Bootstrapping Spring Data JPA repositories in DEFAULT mode.
2024-11-03T16:06:56.155+08:00  INFO 16276 --- [main] .s.d.r.c.RepositoryConfigurationDelegate : Finished Spring Data repository scanning in 39 ms. Found 1 JPA repository interface.
2024-11-03T16:06:56.626+08:00  INFO 16276 --- [main] o.s.b.w.embedded.tomcat.TomcatWebServer  : Tomcat initialized with port 80 (http)
2024-11-03T16:06:56.634+08:00  INFO 16276 --- [main] o.apache.catalina.core.StandardService   : Starting service [Tomcat]
2024-11-03T16:06:56.635+08:00  INFO 16276 --- [main] o.apache.catalina.core.StandardEngine    : Starting Servlet engine: [Apache Tomcat/10.1.16]
2024-11-03T16:06:56.691+08:00  INFO 16276 --- [main] o.a.c.c.C.[Tomcat].[localhost].[/]       : Initializing Spring embedded WebApplicationContext
2024-11-03T16:06:56.691+08:00  INFO 16276 --- [main] w.s.c.ServletWebServerApplicationContext : Root WebApplicationContext: initialization completed in 1286 ms
2024-11-03T16:06:56.812+08:00  INFO 16276 --- [main] o.hibernate.jpa.internal.util.LogHelper  : HHH000204: Processing PersistenceUnitInfo [name: default]
2024-11-03T16:06:56.875+08:00  INFO 16276 --- [main] org.hibernate.Version                    : HHH000412: Hibernate ORM core version 6.3.1.Final
2024-11-03T16:06:56.903+08:00  INFO 16276 --- [main] o.h.c.internal.RegionFactoryInitiator    : HHH000026: Second-level cache disabled
2024-11-03T16:06:57.098+08:00  INFO 16276 --- [main] o.s.o.j.p.SpringPersistenceUnitInfo      : No LoadTimeWeaver setup: ignoring JPA class transformer
2024-11-03T16:06:57.120+08:00  INFO 16276 --- [main] com.zaxxer.hikari.HikariDataSource       : HikariPool-1 - Starting...
2024-11-03T16:06:57.375+08:00  INFO 16276 --- [main] com.zaxxer.hikari.pool.HikariPool        : HikariPool-1 - Added connection com.mysql.cj.jdbc.ConnectionImpl@2168def
2024-11-03T16:06:57.377+08:00  INFO 16276 --- [main] com.zaxxer.hikari.HikariDataSource       : HikariPool-1 - Start completed.
2024-11-03T16:06:58.303+08:00  INFO 16276 --- [main] o.h.e.t.j.p.i.JtaPlatformInitiator       : HHH000489: No JTA platform available (set 'hibernate.transaction.jta.platform' to enable JTA platform integration)
2024-11-03T16:06:58.376+08:00  INFO 16276 --- [main] j.LocalContainerEntityManagerFactoryBean : Initialized JPA EntityManagerFactory for persistence unit 'default'
2024-11-03T16:06:58.674+08:00  INFO 16276 --- [main] o.s.d.j.r.query.QueryEnhancerFactory     : JSqlParser is in classpath; If applicable, JSqlParser will be used
2024-11-03T16:06:58.674+08:00  INFO 16276 --- [main] o.s.d.j.r.query.QueryEnhancerFactory     : Hibernate is in classpath; If applicable, HQL parser will be used.
2024-11-03T16:06:59.372+08:00  WARN 16276 --- [main] JpaBaseConfiguration$JpaWebConfiguration : spring.jpa.open-in-view is enabled by default. Therefore, database queries may be performed during view rendering. Explicitly configure spring.jpa.open-in-view to disable this warning
2024-11-03T16:06:59.389+08:00  INFO 16276 --- [main] o.s.b.a.w.s.WelcomePageHandlerMapping    : Adding welcome page template: index
2024-11-03T16:06:59.441+08:00  WARN 16276 --- [main] ConfigServletWebServerApplicationContext : Exception encountered during context initialization - cancelling refresh attempt: org.springframework.beans.factory.BeanCreationException: Error creating bean with name 'requestMappingHandlerMapping' defined in class path resource [org/springframework/boot/autoconfigure/web/servlet/WebMvcAutoConfiguration$EnableWebMvcConfiguration.class]: Ambiguous mapping. Cannot map 'testController' method 
com.example.demo.controller.TestController#hello()
to {GET [/hello]}: There is already 'testController' bean method
com.example.demo.controller.TestController#hello(HttpServletRequest) mapped.
2024-11-03T16:06:59.442+08:00  INFO 16276 --- [main] j.LocalContainerEntityManagerFactoryBean : Closing JPA EntityManagerFactory for persistence unit 'default'
2024-11-03T16:06:59.444+08:00  INFO 16276 --- [main] com.zaxxer.hikari.HikariDataSource       : HikariPool-1 - Shutdown initiated...
2024-11-03T16:06:59.450+08:00  INFO 16276 --- [main] com.zaxxer.hikari.HikariDataSource       : HikariPool-1 - Shutdown completed.
2024-11-03T16:06:59.452+08:00  INFO 16276 --- [main] o.apache.catalina.core.StandardService   : Stopping service [Tomcat]
2024-11-03T16:06:59.462+08:00  INFO 16276 --- [main] .s.b.a.l.ConditionEvaluationReportLogger : 

Error starting ApplicationContext. To display the condition evaluation report re-run your application with 'debug' enabled.
2024-11-03T16:06:59.477+08:00 ERROR 16276 --- [main] o.s.boot.SpringApplication               : Application run failed

org.springframework.beans.factory.BeanCreationException: Error creating bean with name 'requestMappingHandlerMapping' defined in class path resource [org/springframework/boot/autoconfigure/web/servlet/WebMvcAutoConfiguration$EnableWebMvcConfiguration.class]: Ambiguous mapping. Cannot map 'testController' method 
com.example.demo.controller.TestController#hello()
to {GET [/hello]}: There is already 'testController' bean method
com.example.demo.controller.TestController#hello(HttpServletRequest) mapped.
	at org.springframework.beans.factory.support.AbstractAutowireCapableBeanFactory.initializeBean(AbstractAutowireCapableBeanFactory.java:1775)
	at org.springframework.beans.factory.support.AbstractAutowireCapableBeanFactory.doCreateBean(AbstractAutowireCapableBeanFactory.java:601)
	at org.springframework.beans.factory.support.AbstractAutowireCapableBeanFactory.createBean(AbstractAutowireCapableBeanFactory.java:523)
	at org.springframework.beans.factory.support.AbstractBeanFactory.lambda$doGetBean$0(AbstractBeanFactory.java:325)
	at org.springframework.beans.factory.support.DefaultSingletonBeanRegistry.getSingleton(DefaultSingletonBeanRegistry.java:234)
	at org.springframework.beans.factory.support.AbstractBeanFactory.doGetBean(AbstractBeanFactory.java:323)
	at org.springframework.beans.factory.support.AbstractBeanFactory.getBean(AbstractBeanFactory.java:199)
	at org.springframework.beans.factory.support.DefaultListableBeanFactory.preInstantiateSingletons(DefaultListableBeanFactory.java:973)
	at org.springframework.context.support.AbstractApplicationContext.finishBeanFactoryInitialization(AbstractApplicationContext.java:946)
	at org.springframework.context.support.AbstractApplicationContext.refresh(AbstractApplicationContext.java:616)
	at org.springframework.boot.web.servlet.context.ServletWebServerApplicationContext.refresh(ServletWebServerApplicationContext.java:146)
	at org.springframework.boot.SpringApplication.refresh(SpringApplication.java:753)
	at org.springframework.boot.SpringApplication.refreshContext(SpringApplication.java:455)
	at org.springframework.boot.SpringApplication.run(SpringApplication.java:323)
	at org.springframework.boot.SpringApplication.run(SpringApplication.java:1342)
	at org.springframework.boot.SpringApplication.run(SpringApplication.java:1331)
	at com.example.demo.DemoApplication.main(DemoApplication.java:17)
Caused by: java.lang.IllegalStateException: Ambiguous mapping. Cannot map 'testController' method 
com.example.demo.controller.TestController#hello()
to {GET [/hello]}: There is already 'testController' bean method
com.example.demo.controller.TestController#hello(HttpServletRequest) mapped.
	at org.springframework.web.servlet.handler.AbstractHandlerMethodMapping$MappingRegistry.validateMethodMapping(AbstractHandlerMethodMapping.java:667)
	at org.springframework.web.servlet.handler.AbstractHandlerMethodMapping$MappingRegistry.register(AbstractHandlerMethodMapping.java:633)
	at org.springframework.web.servlet.handler.AbstractHandlerMethodMapping.registerHandlerMethod(AbstractHandlerMethodMapping.java:331)
	at org.springframework.web.servlet.mvc.method.annotation.RequestMappingHandlerMapping.registerHandlerMethod(RequestMappingHandlerMapping.java:486)
	at org.springframework.web.servlet.mvc.method.annotation.RequestMappingHandlerMapping.registerHandlerMethod(RequestMappingHandlerMapping.java:79)
	at org.springframework.web.servlet.handler.AbstractHandlerMethodMapping.lambda$detectHandlerMethods$2(AbstractHandlerMethodMapping.java:298)
	at java.base/java.util.LinkedHashMap.forEach(LinkedHashMap.java:721)
	at org.springframework.web.servlet.handler.AbstractHandlerMethodMapping.detectHandlerMethods(AbstractHandlerMethodMapping.java:296)
	at org.springframework.web.servlet.handler.AbstractHandlerMethodMapping.processCandidateBean(AbstractHandlerMethodMapping.java:265)
	at org.springframework.web.servlet.handler.AbstractHandlerMethodMapping.initHandlerMethods(AbstractHandlerMethodMapping.java:224)
	at org.springframework.web.servlet.handler.AbstractHandlerMethodMapping.afterPropertiesSet(AbstractHandlerMethodMapping.java:212)
	at org.springframework.web.servlet.mvc.method.annotation.RequestMappingHandlerMapping.afterPropertiesSet(RequestMappingHandlerMapping.java:233)
	at org.springframework.beans.factory.support.AbstractAutowireCapableBeanFactory.invokeInitMethods(AbstractAutowireCapableBeanFactory.java:1822)
	at org.springframework.beans.factory.support.AbstractAutowireCapableBeanFactory.initializeBean(AbstractAutowireCapableBeanFactory.java:1771)
	... 16 common frames omitted

2024-11-03T16:07:38.793+08:00  INFO 2208 --- [main] com.example.demo.DemoApplication         : Starting DemoApplication using Java 17.0.10 with PID 2208 (D:\IdeaProjects\springBoot\target\classes started by acer in D:\IdeaProjects\springBoot)
2024-11-03T16:07:38.796+08:00  INFO 2208 --- [main] com.example.demo.DemoApplication         : The following 1 profile is active: "dev"
2024-11-03T16:07:39.566+08:00  INFO 2208 --- [main] .s.d.r.c.RepositoryConfigurationDelegate : Bootstrapping Spring Data JPA repositories in DEFAULT mode.
2024-11-03T16:07:39.611+08:00  INFO 2208 --- [main] .s.d.r.c.RepositoryConfigurationDelegate : Finished Spring Data repository scanning in 38 ms. Found 1 JPA repository interface.
2024-11-03T16:07:40.068+08:00  INFO 2208 --- [main] o.s.b.w.embedded.tomcat.TomcatWebServer  : Tomcat initialized with port 80 (http)
2024-11-03T16:07:40.076+08:00  INFO 2208 --- [main] o.apache.catalina.core.StandardService   : Starting service [Tomcat]
2024-11-03T16:07:40.076+08:00  INFO 2208 --- [main] o.apache.catalina.core.StandardEngine    : Starting Servlet engine: [Apache Tomcat/10.1.16]
2024-11-03T16:07:40.140+08:00  INFO 2208 --- [main] o.a.c.c.C.[Tomcat].[localhost].[/]       : Initializing Spring embedded WebApplicationContext
2024-11-03T16:07:40.140+08:00  INFO 2208 --- [main] w.s.c.ServletWebServerApplicationContext : Root WebApplicationContext: initialization completed in 1299 ms
2024-11-03T16:07:40.263+08:00  INFO 2208 --- [main] o.hibernate.jpa.internal.util.LogHelper  : HHH000204: Processing PersistenceUnitInfo [name: default]
2024-11-03T16:07:40.336+08:00  INFO 2208 --- [main] org.hibernate.Version                    : HHH000412: Hibernate ORM core version 6.3.1.Final
2024-11-03T16:07:40.371+08:00  INFO 2208 --- [main] o.h.c.internal.RegionFactoryInitiator    : HHH000026: Second-level cache disabled
2024-11-03T16:07:40.598+08:00  INFO 2208 --- [main] o.s.o.j.p.SpringPersistenceUnitInfo      : No LoadTimeWeaver setup: ignoring JPA class transformer
2024-11-03T16:07:40.618+08:00  INFO 2208 --- [main] com.zaxxer.hikari.HikariDataSource       : HikariPool-1 - Starting...
2024-11-03T16:07:40.870+08:00  INFO 2208 --- [main] com.zaxxer.hikari.pool.HikariPool        : HikariPool-1 - Added connection com.mysql.cj.jdbc.ConnectionImpl@539ee811
2024-11-03T16:07:40.872+08:00  INFO 2208 --- [main] com.zaxxer.hikari.HikariDataSource       : HikariPool-1 - Start completed.
2024-11-03T16:07:41.851+08:00  INFO 2208 --- [main] o.h.e.t.j.p.i.JtaPlatformInitiator       : HHH000489: No JTA platform available (set 'hibernate.transaction.jta.platform' to enable JTA platform integration)
2024-11-03T16:07:41.920+08:00  INFO 2208 --- [main] j.LocalContainerEntityManagerFactoryBean : Initialized JPA EntityManagerFactory for persistence unit 'default'
2024-11-03T16:07:42.203+08:00  INFO 2208 --- [main] o.s.d.j.r.query.QueryEnhancerFactory     : JSqlParser is in classpath; If applicable, JSqlParser will be used
2024-11-03T16:07:42.203+08:00  INFO 2208 --- [main] o.s.d.j.r.query.QueryEnhancerFactory     : Hibernate is in classpath; If applicable, HQL parser will be used.
2024-11-03T16:07:42.914+08:00  WARN 2208 --- [main] JpaBaseConfiguration$JpaWebConfiguration : spring.jpa.open-in-view is enabled by default. Therefore, database queries may be performed during view rendering. Explicitly configure spring.jpa.open-in-view to disable this warning
2024-11-03T16:07:42.931+08:00  INFO 2208 --- [main] o.s.b.a.w.s.WelcomePageHandlerMapping    : Adding welcome page template: index
2024-11-03T16:07:42.978+08:00  WARN 2208 --- [main] ConfigServletWebServerApplicationContext : Exception encountered during context initialization - cancelling refresh attempt: org.springframework.beans.factory.BeanCreationException: Error creating bean with name 'requestMappingHandlerMapping' defined in class path resource [org/springframework/boot/autoconfigure/web/servlet/WebMvcAutoConfiguration$EnableWebMvcConfiguration.class]: Ambiguous mapping. Cannot map 'testController' method 
com.example.demo.controller.TestController#hello()
to {GET [/hello]}: There is already 'testController' bean method
com.example.demo.controller.TestController#hello(HttpServletRequest) mapped.
2024-11-03T16:07:42.979+08:00  INFO 2208 --- [main] j.LocalContainerEntityManagerFactoryBean : Closing JPA EntityManagerFactory for persistence unit 'default'
2024-11-03T16:07:42.982+08:00  INFO 2208 --- [main] com.zaxxer.hikari.HikariDataSource       : HikariPool-1 - Shutdown initiated...
2024-11-03T16:07:42.996+08:00  INFO 2208 --- [main] com.zaxxer.hikari.HikariDataSource       : HikariPool-1 - Shutdown completed.
2024-11-03T16:07:42.999+08:00  INFO 2208 --- [main] o.apache.catalina.core.StandardService   : Stopping service [Tomcat]
2024-11-03T16:07:43.010+08:00  INFO 2208 --- [main] .s.b.a.l.ConditionEvaluationReportLogger : 

Error starting ApplicationContext. To display the condition evaluation report re-run your application with 'debug' enabled.
2024-11-03T16:07:43.022+08:00 ERROR 2208 --- [main] o.s.boot.SpringApplication               : Application run failed

org.springframework.beans.factory.BeanCreationException: Error creating bean with name 'requestMappingHandlerMapping' defined in class path resource [org/springframework/boot/autoconfigure/web/servlet/WebMvcAutoConfiguration$EnableWebMvcConfiguration.class]: Ambiguous mapping. Cannot map 'testController' method 
com.example.demo.controller.TestController#hello()
to {GET [/hello]}: There is already 'testController' bean method
com.example.demo.controller.TestController#hello(HttpServletRequest) mapped.
	at org.springframework.beans.factory.support.AbstractAutowireCapableBeanFactory.initializeBean(AbstractAutowireCapableBeanFactory.java:1775)
	at org.springframework.beans.factory.support.AbstractAutowireCapableBeanFactory.doCreateBean(AbstractAutowireCapableBeanFactory.java:601)
	at org.springframework.beans.factory.support.AbstractAutowireCapableBeanFactory.createBean(AbstractAutowireCapableBeanFactory.java:523)
	at org.springframework.beans.factory.support.AbstractBeanFactory.lambda$doGetBean$0(AbstractBeanFactory.java:325)
	at org.springframework.beans.factory.support.DefaultSingletonBeanRegistry.getSingleton(DefaultSingletonBeanRegistry.java:234)
	at org.springframework.beans.factory.support.AbstractBeanFactory.doGetBean(AbstractBeanFactory.java:323)
	at org.springframework.beans.factory.support.AbstractBeanFactory.getBean(AbstractBeanFactory.java:199)
	at org.springframework.beans.factory.support.DefaultListableBeanFactory.preInstantiateSingletons(DefaultListableBeanFactory.java:973)
	at org.springframework.context.support.AbstractApplicationContext.finishBeanFactoryInitialization(AbstractApplicationContext.java:946)
	at org.springframework.context.support.AbstractApplicationContext.refresh(AbstractApplicationContext.java:616)
	at org.springframework.boot.web.servlet.context.ServletWebServerApplicationContext.refresh(ServletWebServerApplicationContext.java:146)
	at org.springframework.boot.SpringApplication.refresh(SpringApplication.java:753)
	at org.springframework.boot.SpringApplication.refreshContext(SpringApplication.java:455)
	at org.springframework.boot.SpringApplication.run(SpringApplication.java:323)
	at org.springframework.boot.SpringApplication.run(SpringApplication.java:1342)
	at org.springframework.boot.SpringApplication.run(SpringApplication.java:1331)
	at com.example.demo.DemoApplication.main(DemoApplication.java:17)
Caused by: java.lang.IllegalStateException: Ambiguous mapping. Cannot map 'testController' method 
com.example.demo.controller.TestController#hello()
to {GET [/hello]}: There is already 'testController' bean method
com.example.demo.controller.TestController#hello(HttpServletRequest) mapped.
	at org.springframework.web.servlet.handler.AbstractHandlerMethodMapping$MappingRegistry.validateMethodMapping(AbstractHandlerMethodMapping.java:667)
	at org.springframework.web.servlet.handler.AbstractHandlerMethodMapping$MappingRegistry.register(AbstractHandlerMethodMapping.java:633)
	at org.springframework.web.servlet.handler.AbstractHandlerMethodMapping.registerHandlerMethod(AbstractHandlerMethodMapping.java:331)
	at org.springframework.web.servlet.mvc.method.annotation.RequestMappingHandlerMapping.registerHandlerMethod(RequestMappingHandlerMapping.java:486)
	at org.springframework.web.servlet.mvc.method.annotation.RequestMappingHandlerMapping.registerHandlerMethod(RequestMappingHandlerMapping.java:79)
	at org.springframework.web.servlet.handler.AbstractHandlerMethodMapping.lambda$detectHandlerMethods$2(AbstractHandlerMethodMapping.java:298)
	at java.base/java.util.LinkedHashMap.forEach(LinkedHashMap.java:721)
	at org.springframework.web.servlet.handler.AbstractHandlerMethodMapping.detectHandlerMethods(AbstractHandlerMethodMapping.java:296)
	at org.springframework.web.servlet.handler.AbstractHandlerMethodMapping.processCandidateBean(AbstractHandlerMethodMapping.java:265)
	at org.springframework.web.servlet.handler.AbstractHandlerMethodMapping.initHandlerMethods(AbstractHandlerMethodMapping.java:224)
	at org.springframework.web.servlet.handler.AbstractHandlerMethodMapping.afterPropertiesSet(AbstractHandlerMethodMapping.java:212)
	at org.springframework.web.servlet.mvc.method.annotation.RequestMappingHandlerMapping.afterPropertiesSet(RequestMappingHandlerMapping.java:233)
	at org.springframework.beans.factory.support.AbstractAutowireCapableBeanFactory.invokeInitMethods(AbstractAutowireCapableBeanFactory.java:1822)
	at org.springframework.beans.factory.support.AbstractAutowireCapableBeanFactory.initializeBean(AbstractAutowireCapableBeanFactory.java:1771)
	... 16 common frames omitted

2024-11-03T16:08:51.190+08:00  INFO 8428 --- [main] com.example.demo.DemoApplication         : Starting DemoApplication using Java 17.0.10 with PID 8428 (D:\IdeaProjects\springBoot\target\classes started by acer in D:\IdeaProjects\springBoot)
2024-11-03T16:08:51.193+08:00  INFO 8428 --- [main] com.example.demo.DemoApplication         : The following 1 profile is active: "dev"
2024-11-03T16:08:52.090+08:00  INFO 8428 --- [main] .s.d.r.c.RepositoryConfigurationDelegate : Bootstrapping Spring Data JPA repositories in DEFAULT mode.
2024-11-03T16:08:52.135+08:00  INFO 8428 --- [main] .s.d.r.c.RepositoryConfigurationDelegate : Finished Spring Data repository scanning in 38 ms. Found 1 JPA repository interface.
2024-11-03T16:08:52.635+08:00  INFO 8428 --- [main] o.s.b.w.embedded.tomcat.TomcatWebServer  : Tomcat initialized with port 80 (http)
2024-11-03T16:08:52.643+08:00  INFO 8428 --- [main] o.apache.catalina.core.StandardService   : Starting service [Tomcat]
2024-11-03T16:08:52.643+08:00  INFO 8428 --- [main] o.apache.catalina.core.StandardEngine    : Starting Servlet engine: [Apache Tomcat/10.1.16]
2024-11-03T16:08:52.704+08:00  INFO 8428 --- [main] o.a.c.c.C.[Tomcat].[localhost].[/]       : Initializing Spring embedded WebApplicationContext
2024-11-03T16:08:52.705+08:00  INFO 8428 --- [main] w.s.c.ServletWebServerApplicationContext : Root WebApplicationContext: initialization completed in 1458 ms
2024-11-03T16:08:52.842+08:00  INFO 8428 --- [main] o.hibernate.jpa.internal.util.LogHelper  : HHH000204: Processing PersistenceUnitInfo [name: default]
2024-11-03T16:08:52.911+08:00  INFO 8428 --- [main] org.hibernate.Version                    : HHH000412: Hibernate ORM core version 6.3.1.Final
2024-11-03T16:08:52.942+08:00  INFO 8428 --- [main] o.h.c.internal.RegionFactoryInitiator    : HHH000026: Second-level cache disabled
2024-11-03T16:08:53.149+08:00  INFO 8428 --- [main] o.s.o.j.p.SpringPersistenceUnitInfo      : No LoadTimeWeaver setup: ignoring JPA class transformer
2024-11-03T16:08:53.172+08:00  INFO 8428 --- [main] com.zaxxer.hikari.HikariDataSource       : HikariPool-1 - Starting...
2024-11-03T16:08:53.427+08:00  INFO 8428 --- [main] com.zaxxer.hikari.pool.HikariPool        : HikariPool-1 - Added connection com.mysql.cj.jdbc.ConnectionImpl@1aa59698
2024-11-03T16:08:53.429+08:00  INFO 8428 --- [main] com.zaxxer.hikari.HikariDataSource       : HikariPool-1 - Start completed.
2024-11-03T16:08:54.377+08:00  INFO 8428 --- [main] o.h.e.t.j.p.i.JtaPlatformInitiator       : HHH000489: No JTA platform available (set 'hibernate.transaction.jta.platform' to enable JTA platform integration)
2024-11-03T16:08:54.444+08:00  INFO 8428 --- [main] j.LocalContainerEntityManagerFactoryBean : Initialized JPA EntityManagerFactory for persistence unit 'default'
2024-11-03T16:08:54.753+08:00  INFO 8428 --- [main] o.s.d.j.r.query.QueryEnhancerFactory     : JSqlParser is in classpath; If applicable, JSqlParser will be used
2024-11-03T16:08:54.753+08:00  INFO 8428 --- [main] o.s.d.j.r.query.QueryEnhancerFactory     : Hibernate is in classpath; If applicable, HQL parser will be used.
2024-11-03T16:08:55.495+08:00  WARN 8428 --- [main] JpaBaseConfiguration$JpaWebConfiguration : spring.jpa.open-in-view is enabled by default. Therefore, database queries may be performed during view rendering. Explicitly configure spring.jpa.open-in-view to disable this warning
2024-11-03T16:08:55.515+08:00  INFO 8428 --- [main] o.s.b.a.w.s.WelcomePageHandlerMapping    : Adding welcome page template: index
2024-11-03T16:08:55.869+08:00  INFO 8428 --- [main] o.s.b.w.embedded.tomcat.TomcatWebServer  : Tomcat started on port 80 (http) with context path ''
2024-11-03T16:08:55.877+08:00  INFO 8428 --- [main] com.example.demo.DemoApplication         : Started DemoApplication in 5.348 seconds (process running for 6.051)
2024-11-03T16:09:06.380+08:00  INFO 8428 --- [http-nio-80-exec-1] o.a.c.c.C.[Tomcat].[localhost].[/]       : Initializing Spring DispatcherServlet 'dispatcherServlet'
2024-11-03T16:09:06.380+08:00  INFO 8428 --- [http-nio-80-exec-1] o.s.web.servlet.DispatcherServlet        : Initializing Servlet 'dispatcherServlet'
2024-11-03T16:09:06.381+08:00  INFO 8428 --- [http-nio-80-exec-1] o.s.web.servlet.DispatcherServlet        : Completed initialization in 1 ms
2024-11-03T16:09:06.439+08:00  INFO 8428 --- [http-nio-80-exec-1] test                                     : Hello World
2024-11-03T16:09:06.439+08:00  INFO 8428 --- [http-nio-80-exec-1] c.e.demo.controller.TestController       : SLF4Jュ淇℃
2024-11-03T16:09:06.439+08:00  INFO 8428 --- [http-nio-80-exec-1] c.e.demo.controller.TestController       : SLF4Jュ淇℃Lombok
2024-11-03T17:25:08.397+08:00  INFO 8428 --- [http-nio-80-exec-5] c.e.demo.controller.TestController       : 璁块浜涓娆℃璇ュ
2024-11-03T17:25:15.735+08:00  INFO 8428 --- [http-nio-80-exec-3] c.e.demo.controller.TestController       : 璁块浜涓娆℃璇ュ
2024-11-03T17:40:46.630+08:00  INFO 8428 --- [SpringApplicationShutdownHook] j.LocalContainerEntityManagerFactoryBean : Closing JPA EntityManagerFactory for persistence unit 'default'
2024-11-03T17:40:46.645+08:00  INFO 8428 --- [SpringApplicationShutdownHook] com.zaxxer.hikari.HikariDataSource       : HikariPool-1 - Shutdown initiated...
2024-11-03T17:40:46.650+08:00  INFO 8428 --- [SpringApplicationShutdownHook] com.zaxxer.hikari.HikariDataSource       : HikariPool-1 - Shutdown completed.
2024-11-03T17:40:51.599+08:00  INFO 2240 --- [main] com.example.demo.DemoApplication         : Starting DemoApplication using Java 17.0.10 with PID 2240 (D:\IdeaProjects\springBoot\target\classes started by acer in D:\IdeaProjects\springBoot)
2024-11-03T17:40:51.601+08:00  INFO 2240 --- [main] com.example.demo.DemoApplication         : The following 1 profile is active: "dev"
2024-11-03T17:40:52.413+08:00  INFO 2240 --- [main] .s.d.r.c.RepositoryConfigurationDelegate : Bootstrapping Spring Data JPA repositories in DEFAULT mode.
2024-11-03T17:40:52.476+08:00  INFO 2240 --- [main] .s.d.r.c.RepositoryConfigurationDelegate : Finished Spring Data repository scanning in 53 ms. Found 1 JPA repository interface.
2024-11-03T17:40:52.968+08:00  INFO 2240 --- [main] o.s.b.w.embedded.tomcat.TomcatWebServer  : Tomcat initialized with port 80 (http)
2024-11-03T17:40:52.977+08:00  INFO 2240 --- [main] o.apache.catalina.core.StandardService   : Starting service [Tomcat]
2024-11-03T17:40:52.977+08:00  INFO 2240 --- [main] o.apache.catalina.core.StandardEngine    : Starting Servlet engine: [Apache Tomcat/10.1.16]
2024-11-03T17:40:53.045+08:00  INFO 2240 --- [main] o.a.c.c.C.[Tomcat].[localhost].[/]       : Initializing Spring embedded WebApplicationContext
2024-11-03T17:40:53.045+08:00  INFO 2240 --- [main] w.s.c.ServletWebServerApplicationContext : Root WebApplicationContext: initialization completed in 1402 ms
2024-11-03T17:40:53.184+08:00  INFO 2240 --- [main] o.hibernate.jpa.internal.util.LogHelper  : HHH000204: Processing PersistenceUnitInfo [name: default]
2024-11-03T17:40:53.254+08:00  INFO 2240 --- [main] org.hibernate.Version                    : HHH000412: Hibernate ORM core version 6.3.1.Final
2024-11-03T17:40:53.288+08:00  INFO 2240 --- [main] o.h.c.internal.RegionFactoryInitiator    : HHH000026: Second-level cache disabled
2024-11-03T17:40:53.511+08:00  INFO 2240 --- [main] o.s.o.j.p.SpringPersistenceUnitInfo      : No LoadTimeWeaver setup: ignoring JPA class transformer
2024-11-03T17:40:53.535+08:00  INFO 2240 --- [main] com.zaxxer.hikari.HikariDataSource       : HikariPool-1 - Starting...
2024-11-03T17:40:53.806+08:00  INFO 2240 --- [main] com.zaxxer.hikari.pool.HikariPool        : HikariPool-1 - Added connection com.mysql.cj.jdbc.ConnectionImpl@30133a11
2024-11-03T17:40:53.808+08:00  INFO 2240 --- [main] com.zaxxer.hikari.HikariDataSource       : HikariPool-1 - Start completed.
2024-11-03T17:40:54.938+08:00  INFO 2240 --- [main] o.h.e.t.j.p.i.JtaPlatformInitiator       : HHH000489: No JTA platform available (set 'hibernate.transaction.jta.platform' to enable JTA platform integration)
2024-11-03T17:40:55.019+08:00  INFO 2240 --- [main] j.LocalContainerEntityManagerFactoryBean : Initialized JPA EntityManagerFactory for persistence unit 'default'
2024-11-03T17:40:56.086+08:00  INFO 2240 --- [main] o.s.d.j.r.query.QueryEnhancerFactory     : JSqlParser is in classpath; If applicable, JSqlParser will be used
2024-11-03T17:40:56.086+08:00  INFO 2240 --- [main] o.s.d.j.r.query.QueryEnhancerFactory     : Hibernate is in classpath; If applicable, HQL parser will be used.
2024-11-03T17:40:56.876+08:00  WARN 2240 --- [main] JpaBaseConfiguration$JpaWebConfiguration : spring.jpa.open-in-view is enabled by default. Therefore, database queries may be performed during view rendering. Explicitly configure spring.jpa.open-in-view to disable this warning
2024-11-03T17:40:56.896+08:00  INFO 2240 --- [main] o.s.b.a.w.s.WelcomePageHandlerMapping    : Adding welcome page template: index
2024-11-03T17:40:57.265+08:00  INFO 2240 --- [main] o.s.b.w.embedded.tomcat.TomcatWebServer  : Tomcat started on port 80 (http) with context path ''
2024-11-03T17:40:57.273+08:00  INFO 2240 --- [main] com.example.demo.DemoApplication         : Started DemoApplication in 6.309 seconds (process running for 6.967)
2024-11-03T18:48:19.178+08:00  INFO 2240 --- [SpringApplicationShutdownHook] j.LocalContainerEntityManagerFactoryBean : Closing JPA EntityManagerFactory for persistence unit 'default'
2024-11-03T18:48:19.197+08:00  INFO 2240 --- [SpringApplicationShutdownHook] com.zaxxer.hikari.HikariDataSource       : HikariPool-1 - Shutdown initiated...
2024-11-03T18:48:19.203+08:00  INFO 2240 --- [SpringApplicationShutdownHook] com.zaxxer.hikari.HikariDataSource       : HikariPool-1 - Shutdown completed.
2024-11-03T18:48:40.913+08:00  INFO 19040 --- [main] com.example.demo.DemoApplicationTests    : Starting DemoApplicationTests using Java 17.0.10 with PID 19040 (started by acer in D:\IdeaProjects\springBoot)
2024-11-03T18:48:40.915+08:00  INFO 19040 --- [main] com.example.demo.DemoApplicationTests    : The following 1 profile is active: "dev"
2024-11-03T18:48:42.209+08:00  INFO 19040 --- [main] .s.d.r.c.RepositoryConfigurationDelegate : Bootstrapping Spring Data JPA repositories in DEFAULT mode.
2024-11-03T18:48:42.275+08:00  INFO 19040 --- [main] .s.d.r.c.RepositoryConfigurationDelegate : Finished Spring Data repository scanning in 56 ms. Found 1 JPA repository interface.
2024-11-03T18:48:43.152+08:00  INFO 19040 --- [main] o.hibernate.jpa.internal.util.LogHelper  : HHH000204: Processing PersistenceUnitInfo [name: default]
2024-11-03T18:48:43.310+08:00  INFO 19040 --- [main] org.hibernate.Version                    : HHH000412: Hibernate ORM core version 6.3.1.Final
2024-11-03T18:48:43.425+08:00  INFO 19040 --- [main] o.h.c.internal.RegionFactoryInitiator    : HHH000026: Second-level cache disabled
2024-11-03T18:48:43.877+08:00  INFO 19040 --- [main] o.s.o.j.p.SpringPersistenceUnitInfo      : No LoadTimeWeaver setup: ignoring JPA class transformer
2024-11-03T18:48:43.912+08:00  INFO 19040 --- [main] com.zaxxer.hikari.HikariDataSource       : HikariPool-1 - Starting...
2024-11-03T18:48:44.314+08:00  INFO 19040 --- [main] com.zaxxer.hikari.pool.HikariPool        : HikariPool-1 - Added connection com.mysql.cj.jdbc.ConnectionImpl@5aac6f9f
2024-11-03T18:48:44.316+08:00  INFO 19040 --- [main] com.zaxxer.hikari.HikariDataSource       : HikariPool-1 - Start completed.
2024-11-03T18:48:45.726+08:00  INFO 19040 --- [main] o.h.e.t.j.p.i.JtaPlatformInitiator       : HHH000489: No JTA platform available (set 'hibernate.transaction.jta.platform' to enable JTA platform integration)
2024-11-03T18:48:45.818+08:00  INFO 19040 --- [main] j.LocalContainerEntityManagerFactoryBean : Initialized JPA EntityManagerFactory for persistence unit 'default'
2024-11-03T18:48:46.390+08:00  INFO 19040 --- [main] o.s.d.j.r.query.QueryEnhancerFactory     : JSqlParser is in classpath; If applicable, JSqlParser will be used
2024-11-03T18:48:46.390+08:00  INFO 19040 --- [main] o.s.d.j.r.query.QueryEnhancerFactory     : Hibernate is in classpath; If applicable, HQL parser will be used.
2024-11-03T18:48:47.862+08:00  WARN 19040 --- [main] JpaBaseConfiguration$JpaWebConfiguration : spring.jpa.open-in-view is enabled by default. Therefore, database queries may be performed during view rendering. Explicitly configure spring.jpa.open-in-view to disable this warning
2024-11-03T18:48:47.894+08:00  INFO 19040 --- [main] o.s.b.a.w.s.WelcomePageHandlerMapping    : Adding welcome page template: index
2024-11-03T18:48:48.567+08:00  INFO 19040 --- [main] com.example.demo.DemoApplicationTests    : Started DemoApplicationTests in 8.315 seconds (process running for 9.991)
2024-11-03T18:48:51.072+08:00  INFO 19040 --- [SpringApplicationShutdownHook] j.LocalContainerEntityManagerFactoryBean : Closing JPA EntityManagerFactory for persistence unit 'default'
2024-11-03T18:48:51.075+08:00  INFO 19040 --- [SpringApplicationShutdownHook] com.zaxxer.hikari.HikariDataSource       : HikariPool-1 - Shutdown initiated...
2024-11-03T18:48:51.084+08:00  INFO 19040 --- [SpringApplicationShutdownHook] com.zaxxer.hikari.HikariDataSource       : HikariPool-1 - Shutdown completed.
2024-11-03T18:55:32.849+08:00  INFO 18944 --- [main] com.example.demo.DemoApplication         : Starting DemoApplication using Java 17.0.10 with PID 18944 (D:\IdeaProjects\springBoot\target\classes started by acer in D:\IdeaProjects\springBoot)
2024-11-03T18:55:32.852+08:00  INFO 18944 --- [main] com.example.demo.DemoApplication         : The following 1 profile is active: "dev"
2024-11-03T18:55:33.652+08:00  INFO 18944 --- [main] .s.d.r.c.RepositoryConfigurationDelegate : Bootstrapping Spring Data JPA repositories in DEFAULT mode.
2024-11-03T18:55:33.701+08:00  INFO 18944 --- [main] .s.d.r.c.RepositoryConfigurationDelegate : Finished Spring Data repository scanning in 41 ms. Found 1 JPA repository interface.
2024-11-03T18:55:34.222+08:00  INFO 18944 --- [main] o.s.b.w.embedded.tomcat.TomcatWebServer  : Tomcat initialized with port 80 (http)
2024-11-03T18:55:34.233+08:00  INFO 18944 --- [main] o.apache.catalina.core.StandardService   : Starting service [Tomcat]
2024-11-03T18:55:34.233+08:00  INFO 18944 --- [main] o.apache.catalina.core.StandardEngine    : Starting Servlet engine: [Apache Tomcat/10.1.16]
2024-11-03T18:55:34.320+08:00  INFO 18944 --- [main] o.a.c.c.C.[Tomcat].[localhost].[/]       : Initializing Spring embedded WebApplicationContext
2024-11-03T18:55:34.320+08:00  INFO 18944 --- [main] w.s.c.ServletWebServerApplicationContext : Root WebApplicationContext: initialization completed in 1414 ms
2024-11-03T18:55:34.455+08:00  INFO 18944 --- [main] o.hibernate.jpa.internal.util.LogHelper  : HHH000204: Processing PersistenceUnitInfo [name: default]
2024-11-03T18:55:34.519+08:00  INFO 18944 --- [main] org.hibernate.Version                    : HHH000412: Hibernate ORM core version 6.3.1.Final
2024-11-03T18:55:34.552+08:00  INFO 18944 --- [main] o.h.c.internal.RegionFactoryInitiator    : HHH000026: Second-level cache disabled
2024-11-03T18:55:34.761+08:00  INFO 18944 --- [main] o.s.o.j.p.SpringPersistenceUnitInfo      : No LoadTimeWeaver setup: ignoring JPA class transformer
2024-11-03T18:55:34.786+08:00  INFO 18944 --- [main] com.zaxxer.hikari.HikariDataSource       : HikariPool-1 - Starting...
2024-11-03T18:55:35.038+08:00  INFO 18944 --- [main] com.zaxxer.hikari.pool.HikariPool        : HikariPool-1 - Added connection com.mysql.cj.jdbc.ConnectionImpl@1e7cfd49
2024-11-03T18:55:35.040+08:00  INFO 18944 --- [main] com.zaxxer.hikari.HikariDataSource       : HikariPool-1 - Start completed.
2024-11-03T18:55:36.049+08:00  INFO 18944 --- [main] o.h.e.t.j.p.i.JtaPlatformInitiator       : HHH000489: No JTA platform available (set 'hibernate.transaction.jta.platform' to enable JTA platform integration)
2024-11-03T18:55:36.125+08:00  INFO 18944 --- [main] j.LocalContainerEntityManagerFactoryBean : Initialized JPA EntityManagerFactory for persistence unit 'default'
2024-11-03T18:55:36.409+08:00  INFO 18944 --- [main] o.s.d.j.r.query.QueryEnhancerFactory     : JSqlParser is in classpath; If applicable, JSqlParser will be used
2024-11-03T18:55:36.409+08:00  INFO 18944 --- [main] o.s.d.j.r.query.QueryEnhancerFactory     : Hibernate is in classpath; If applicable, HQL parser will be used.
2024-11-03T18:55:37.585+08:00  WARN 18944 --- [main] JpaBaseConfiguration$JpaWebConfiguration : spring.jpa.open-in-view is enabled by default. Therefore, database queries may be performed during view rendering. Explicitly configure spring.jpa.open-in-view to disable this warning
2024-11-03T18:55:37.607+08:00  INFO 18944 --- [main] o.s.b.a.w.s.WelcomePageHandlerMapping    : Adding welcome page template: index
2024-11-03T18:55:37.970+08:00  INFO 18944 --- [main] o.s.b.w.embedded.tomcat.TomcatWebServer  : Tomcat started on port 80 (http) with context path ''
2024-11-03T18:55:37.979+08:00  INFO 18944 --- [main] com.example.demo.DemoApplication         : Started DemoApplication in 5.76 seconds (process running for 6.447)
2024-11-03T18:55:43.247+08:00  INFO 18944 --- [http-nio-80-exec-1] o.a.c.c.C.[Tomcat].[localhost].[/]       : Initializing Spring DispatcherServlet 'dispatcherServlet'
2024-11-03T18:55:43.247+08:00  INFO 18944 --- [http-nio-80-exec-1] o.s.web.servlet.DispatcherServlet        : Initializing Servlet 'dispatcherServlet'
2024-11-03T18:55:43.248+08:00  INFO 18944 --- [http-nio-80-exec-1] o.s.web.servlet.DispatcherServlet        : Completed initialization in 1 ms
2024-11-03T19:17:39.365+08:00  INFO 18944 --- [SpringApplicationShutdownHook] j.LocalContainerEntityManagerFactoryBean : Closing JPA EntityManagerFactory for persistence unit 'default'
2024-11-03T19:17:39.367+08:00  INFO 18944 --- [SpringApplicationShutdownHook] com.zaxxer.hikari.HikariDataSource       : HikariPool-1 - Shutdown initiated...
2024-11-03T19:17:39.373+08:00  INFO 18944 --- [SpringApplicationShutdownHook] com.zaxxer.hikari.HikariDataSource       : HikariPool-1 - Shutdown completed.
2024-11-03T19:17:44.651+08:00  INFO 16516 --- [main] com.example.demo.DemoApplication         : Starting DemoApplication using Java 17.0.10 with PID 16516 (D:\IdeaProjects\springBoot\target\classes started by acer in D:\IdeaProjects\springBoot)
2024-11-03T19:17:44.654+08:00  INFO 16516 --- [main] com.example.demo.DemoApplication         : The following 1 profile is active: "dev"
2024-11-03T19:17:45.482+08:00  INFO 16516 --- [main] .s.d.r.c.RepositoryConfigurationDelegate : Bootstrapping Spring Data JPA repositories in DEFAULT mode.
2024-11-03T19:17:45.530+08:00  INFO 16516 --- [main] .s.d.r.c.RepositoryConfigurationDelegate : Finished Spring Data repository scanning in 40 ms. Found 1 JPA repository interface.
2024-11-03T19:17:45.993+08:00  INFO 16516 --- [main] o.s.b.w.embedded.tomcat.TomcatWebServer  : Tomcat initialized with port 80 (http)
2024-11-03T19:17:46.001+08:00  INFO 16516 --- [main] o.apache.catalina.core.StandardService   : Starting service [Tomcat]
2024-11-03T19:17:46.002+08:00  INFO 16516 --- [main] o.apache.catalina.core.StandardEngine    : Starting Servlet engine: [Apache Tomcat/10.1.16]
2024-11-03T19:17:46.064+08:00  INFO 16516 --- [main] o.a.c.c.C.[Tomcat].[localhost].[/]       : Initializing Spring embedded WebApplicationContext
2024-11-03T19:17:46.065+08:00  INFO 16516 --- [main] w.s.c.ServletWebServerApplicationContext : Root WebApplicationContext: initialization completed in 1349 ms
2024-11-03T19:17:46.194+08:00  INFO 16516 --- [main] o.hibernate.jpa.internal.util.LogHelper  : HHH000204: Processing PersistenceUnitInfo [name: default]
2024-11-03T19:17:46.265+08:00  INFO 16516 --- [main] org.hibernate.Version                    : HHH000412: Hibernate ORM core version 6.3.1.Final
2024-11-03T19:17:46.296+08:00  INFO 16516 --- [main] o.h.c.internal.RegionFactoryInitiator    : HHH000026: Second-level cache disabled
2024-11-03T19:17:46.545+08:00  INFO 16516 --- [main] o.s.o.j.p.SpringPersistenceUnitInfo      : No LoadTimeWeaver setup: ignoring JPA class transformer
2024-11-03T19:17:46.576+08:00  INFO 16516 --- [main] com.zaxxer.hikari.HikariDataSource       : HikariPool-1 - Starting...
2024-11-03T19:17:46.883+08:00  INFO 16516 --- [main] com.zaxxer.hikari.pool.HikariPool        : HikariPool-1 - Added connection com.mysql.cj.jdbc.ConnectionImpl@1e7cfd49
2024-11-03T19:17:46.885+08:00  INFO 16516 --- [main] com.zaxxer.hikari.HikariDataSource       : HikariPool-1 - Start completed.
2024-11-03T19:17:47.985+08:00  INFO 16516 --- [main] o.h.e.t.j.p.i.JtaPlatformInitiator       : HHH000489: No JTA platform available (set 'hibernate.transaction.jta.platform' to enable JTA platform integration)
2024-11-03T19:17:48.058+08:00  INFO 16516 --- [main] j.LocalContainerEntityManagerFactoryBean : Initialized JPA EntityManagerFactory for persistence unit 'default'
2024-11-03T19:17:48.395+08:00  INFO 16516 --- [main] o.s.d.j.r.query.QueryEnhancerFactory     : JSqlParser is in classpath; If applicable, JSqlParser will be used
2024-11-03T19:17:48.395+08:00  INFO 16516 --- [main] o.s.d.j.r.query.QueryEnhancerFactory     : Hibernate is in classpath; If applicable, HQL parser will be used.
2024-11-03T19:17:49.291+08:00  WARN 16516 --- [main] JpaBaseConfiguration$JpaWebConfiguration : spring.jpa.open-in-view is enabled by default. Therefore, database queries may be performed during view rendering. Explicitly configure spring.jpa.open-in-view to disable this warning
2024-11-03T19:17:49.312+08:00  INFO 16516 --- [main] o.s.b.a.w.s.WelcomePageHandlerMapping    : Adding welcome page template: index
2024-11-03T19:17:49.708+08:00  INFO 16516 --- [main] o.s.b.w.embedded.tomcat.TomcatWebServer  : Tomcat started on port 80 (http) with context path ''
2024-11-03T19:17:49.719+08:00  INFO 16516 --- [main] com.example.demo.DemoApplication         : Started DemoApplication in 5.791 seconds (process running for 6.493)
2024-11-03T19:18:01.414+08:00  INFO 16516 --- [http-nio-80-exec-1] o.a.c.c.C.[Tomcat].[localhost].[/]       : Initializing Spring DispatcherServlet 'dispatcherServlet'
2024-11-03T19:18:01.415+08:00  INFO 16516 --- [http-nio-80-exec-1] o.s.web.servlet.DispatcherServlet        : Initializing Servlet 'dispatcherServlet'
2024-11-03T19:18:01.416+08:00  INFO 16516 --- [http-nio-80-exec-1] o.s.web.servlet.DispatcherServlet        : Completed initialization in 1 ms
2024-11-03T19:19:42.906+08:00  INFO 16516 --- [SpringApplicationShutdownHook] j.LocalContainerEntityManagerFactoryBean : Closing JPA EntityManagerFactory for persistence unit 'default'
2024-11-03T19:19:42.908+08:00  INFO 16516 --- [SpringApplicationShutdownHook] com.zaxxer.hikari.HikariDataSource       : HikariPool-1 - Shutdown initiated...
2024-11-03T19:19:42.913+08:00  INFO 16516 --- [SpringApplicationShutdownHook] com.zaxxer.hikari.HikariDataSource       : HikariPool-1 - Shutdown completed.
