2024-11-07T10:03:32.143+08:00  INFO 7112 --- [main] com.example.demo.DemoApplication         : Starting DemoApplication using Java 17.0.10 with PID 7112 (D:\IdeaProjects\springBoot\target\classes started by acer in D:\IdeaProjects\springBoot)
2024-11-07T10:03:32.146+08:00  INFO 7112 --- [main] com.example.demo.DemoApplication         : The following 1 profile is active: "dev"
2024-11-07T10:03:33.443+08:00  INFO 7112 --- [main] .s.d.r.c.RepositoryConfigurationDelegate : Bootstrapping Spring Data JPA repositories in DEFAULT mode.
2024-11-07T10:03:33.517+08:00  INFO 7112 --- [main] .s.d.r.c.RepositoryConfigurationDelegate : Finished Spring Data repository scanning in 62 ms. Found 1 JPA repository interface.
2024-11-07T10:03:34.270+08:00  INFO 7112 --- [main] o.s.b.w.embedded.tomcat.TomcatWebServer  : Tomcat initialized with port 80 (http)
2024-11-07T10:03:34.278+08:00  INFO 7112 --- [main] o.apache.catalina.core.StandardService   : Starting service [Tomcat]
2024-11-07T10:03:34.279+08:00  INFO 7112 --- [main] o.apache.catalina.core.StandardEngine    : Starting Servlet engine: [Apache Tomcat/10.1.16]
2024-11-07T10:03:34.349+08:00  INFO 7112 --- [main] o.a.c.c.C.[Tomcat].[localhost].[/]       : Initializing Spring embedded WebApplicationContext
2024-11-07T10:03:34.349+08:00  INFO 7112 --- [main] w.s.c.ServletWebServerApplicationContext : Root WebApplicationContext: initialization completed in 2142 ms
2024-11-07T10:03:34.746+08:00  INFO 7112 --- [main] o.hibernate.jpa.internal.util.LogHelper  : HHH000204: Processing PersistenceUnitInfo [name: default]
2024-11-07T10:03:34.818+08:00  INFO 7112 --- [main] org.hibernate.Version                    : HHH000412: Hibernate ORM core version 6.3.1.Final
2024-11-07T10:03:34.857+08:00  INFO 7112 --- [main] o.h.c.internal.RegionFactoryInitiator    : HHH000026: Second-level cache disabled
2024-11-07T10:03:35.159+08:00  INFO 7112 --- [main] o.s.o.j.p.SpringPersistenceUnitInfo      : No LoadTimeWeaver setup: ignoring JPA class transformer
2024-11-07T10:03:35.195+08:00  INFO 7112 --- [main] com.zaxxer.hikari.HikariDataSource       : HikariPool-1 - Starting...
2024-11-07T10:03:35.355+08:00  INFO 7112 --- [main] com.zaxxer.hikari.pool.HikariPool        : HikariPool-1 - Added connection com.mysql.cj.jdbc.ConnectionImpl@7d3815f7
2024-11-07T10:03:35.358+08:00  INFO 7112 --- [main] com.zaxxer.hikari.HikariDataSource       : HikariPool-1 - Start completed.
2024-11-07T10:03:36.594+08:00  INFO 7112 --- [main] o.h.e.t.j.p.i.JtaPlatformInitiator       : HHH000489: No JTA platform available (set 'hibernate.transaction.jta.platform' to enable JTA platform integration)
2024-11-07T10:03:36.686+08:00  INFO 7112 --- [main] j.LocalContainerEntityManagerFactoryBean : Initialized JPA EntityManagerFactory for persistence unit 'default'
2024-11-07T10:03:37.087+08:00  INFO 7112 --- [main] o.s.d.j.r.query.QueryEnhancerFactory     : JSqlParser is in classpath; If applicable, JSqlParser will be used
2024-11-07T10:03:37.088+08:00  INFO 7112 --- [main] o.s.d.j.r.query.QueryEnhancerFactory     : Hibernate is in classpath; If applicable, HQL parser will be used.
2024-11-07T10:03:37.957+08:00  WARN 7112 --- [main] JpaBaseConfiguration$JpaWebConfiguration : spring.jpa.open-in-view is enabled by default. Therefore, database queries may be performed during view rendering. Explicitly configure spring.jpa.open-in-view to disable this warning
2024-11-07T10:03:37.998+08:00  INFO 7112 --- [main] o.s.b.a.w.s.WelcomePageHandlerMapping    : Adding welcome page template: index
2024-11-07T10:03:38.843+08:00  INFO 7112 --- [main] o.s.b.a.e.web.EndpointLinksResolver      : Exposing 13 endpoint(s) beneath base path '/actuator'
2024-11-07T10:03:38.927+08:00  INFO 7112 --- [main] o.s.b.w.embedded.tomcat.TomcatWebServer  : Tomcat started on port 80 (http) with context path ''
2024-11-07T10:03:38.940+08:00  INFO 7112 --- [main] com.example.demo.DemoApplication         : Started DemoApplication in 8.222 seconds (process running for 9.266)
2024-11-07T10:03:39.250+08:00  INFO 7112 --- [RMI TCP Connection(4)-192.168.136.218] o.a.c.c.C.[Tomcat].[localhost].[/]       : Initializing Spring DispatcherServlet 'dispatcherServlet'
2024-11-07T10:03:39.251+08:00  INFO 7112 --- [RMI TCP Connection(4)-192.168.136.218] o.s.web.servlet.DispatcherServlet        : Initializing Servlet 'dispatcherServlet'
2024-11-07T10:03:39.253+08:00  INFO 7112 --- [RMI TCP Connection(4)-192.168.136.218] o.s.web.servlet.DispatcherServlet        : Completed initialization in 2 ms
2024-11-07T10:04:10.265+08:00  WARN 7112 --- [http-nio-80-exec-4] o.s.web.servlet.PageNotFound             : No mapping for GET /favicon.ico
2024-11-07T10:04:10.268+08:00  WARN 7112 --- [http-nio-80-exec-4] o.s.web.servlet.PageNotFound             : No endpoint GET /favicon.ico.
2024-11-07T10:23:40.930+08:00  INFO 7112 --- [SpringApplicationShutdownHook] j.LocalContainerEntityManagerFactoryBean : Closing JPA EntityManagerFactory for persistence unit 'default'
2024-11-07T10:23:40.933+08:00  INFO 7112 --- [SpringApplicationShutdownHook] com.zaxxer.hikari.HikariDataSource       : HikariPool-1 - Shutdown initiated...
2024-11-07T10:23:40.943+08:00  INFO 7112 --- [SpringApplicationShutdownHook] com.zaxxer.hikari.HikariDataSource       : HikariPool-1 - Shutdown completed.
2024-11-07T10:23:48.013+08:00  INFO 6700 --- [main] com.example.demo.DemoApplication         : Starting DemoApplication using Java 17.0.10 with PID 6700 (D:\IdeaProjects\springBoot\target\classes started by acer in D:\IdeaProjects\springBoot)
2024-11-07T10:23:48.016+08:00  INFO 6700 --- [main] com.example.demo.DemoApplication         : The following 1 profile is active: "dev"
2024-11-07T10:23:48.906+08:00  INFO 6700 --- [main] .s.d.r.c.RepositoryConfigurationDelegate : Bootstrapping Spring Data JPA repositories in DEFAULT mode.
2024-11-07T10:23:48.952+08:00  INFO 6700 --- [main] .s.d.r.c.RepositoryConfigurationDelegate : Finished Spring Data repository scanning in 40 ms. Found 1 JPA repository interface.
2024-11-07T10:23:49.730+08:00  INFO 6700 --- [main] o.s.b.w.embedded.tomcat.TomcatWebServer  : Tomcat initialized with port 80 (http)
2024-11-07T10:23:49.737+08:00  INFO 6700 --- [main] o.apache.catalina.core.StandardService   : Starting service [Tomcat]
2024-11-07T10:23:49.737+08:00  INFO 6700 --- [main] o.apache.catalina.core.StandardEngine    : Starting Servlet engine: [Apache Tomcat/10.1.16]
2024-11-07T10:23:49.798+08:00  INFO 6700 --- [main] o.a.c.c.C.[Tomcat].[localhost].[/]       : Initializing Spring embedded WebApplicationContext
2024-11-07T10:23:49.798+08:00  INFO 6700 --- [main] w.s.c.ServletWebServerApplicationContext : Root WebApplicationContext: initialization completed in 1742 ms
2024-11-07T10:23:50.120+08:00  INFO 6700 --- [main] o.hibernate.jpa.internal.util.LogHelper  : HHH000204: Processing PersistenceUnitInfo [name: default]
2024-11-07T10:23:50.171+08:00  INFO 6700 --- [main] org.hibernate.Version                    : HHH000412: Hibernate ORM core version 6.3.1.Final
2024-11-07T10:23:50.199+08:00  INFO 6700 --- [main] o.h.c.internal.RegionFactoryInitiator    : HHH000026: Second-level cache disabled
2024-11-07T10:23:50.383+08:00  INFO 6700 --- [main] o.s.o.j.p.SpringPersistenceUnitInfo      : No LoadTimeWeaver setup: ignoring JPA class transformer
2024-11-07T10:23:50.403+08:00  INFO 6700 --- [main] com.zaxxer.hikari.HikariDataSource       : HikariPool-1 - Starting...
2024-11-07T10:23:50.521+08:00  INFO 6700 --- [main] com.zaxxer.hikari.pool.HikariPool        : HikariPool-1 - Added connection com.mysql.cj.jdbc.ConnectionImpl@c79780
2024-11-07T10:23:50.523+08:00  INFO 6700 --- [main] com.zaxxer.hikari.HikariDataSource       : HikariPool-1 - Start completed.
2024-11-07T10:23:51.472+08:00  INFO 6700 --- [main] o.h.e.t.j.p.i.JtaPlatformInitiator       : HHH000489: No JTA platform available (set 'hibernate.transaction.jta.platform' to enable JTA platform integration)
2024-11-07T10:23:51.577+08:00  INFO 6700 --- [main] j.LocalContainerEntityManagerFactoryBean : Initialized JPA EntityManagerFactory for persistence unit 'default'
2024-11-07T10:23:52.018+08:00  INFO 6700 --- [main] o.s.d.j.r.query.QueryEnhancerFactory     : JSqlParser is in classpath; If applicable, JSqlParser will be used
2024-11-07T10:23:52.018+08:00  INFO 6700 --- [main] o.s.d.j.r.query.QueryEnhancerFactory     : Hibernate is in classpath; If applicable, HQL parser will be used.
2024-11-07T10:23:52.802+08:00  WARN 6700 --- [main] JpaBaseConfiguration$JpaWebConfiguration : spring.jpa.open-in-view is enabled by default. Therefore, database queries may be performed during view rendering. Explicitly configure spring.jpa.open-in-view to disable this warning
2024-11-07T10:23:52.838+08:00  INFO 6700 --- [main] o.s.b.a.w.s.WelcomePageHandlerMapping    : Adding welcome page template: index
2024-11-07T10:23:53.633+08:00  INFO 6700 --- [main] o.s.b.a.e.web.EndpointLinksResolver      : Exposing 13 endpoint(s) beneath base path '/actuator'
2024-11-07T10:23:53.710+08:00  INFO 6700 --- [main] o.s.b.w.embedded.tomcat.TomcatWebServer  : Tomcat started on port 80 (http) with context path ''
2024-11-07T10:23:53.724+08:00  INFO 6700 --- [main] com.example.demo.DemoApplication         : Started DemoApplication in 6.446 seconds (process running for 7.136)
2024-11-07T10:23:54.021+08:00  INFO 6700 --- [RMI TCP Connection(2)-192.168.136.218] o.a.c.c.C.[Tomcat].[localhost].[/]       : Initializing Spring DispatcherServlet 'dispatcherServlet'
2024-11-07T10:23:54.022+08:00  INFO 6700 --- [RMI TCP Connection(2)-192.168.136.218] o.s.web.servlet.DispatcherServlet        : Initializing Servlet 'dispatcherServlet'
2024-11-07T10:23:54.023+08:00  INFO 6700 --- [RMI TCP Connection(2)-192.168.136.218] o.s.web.servlet.DispatcherServlet        : Completed initialization in 1 ms
2024-11-07T11:36:40.548+08:00  INFO 6700 --- [SpringApplicationShutdownHook] j.LocalContainerEntityManagerFactoryBean : Closing JPA EntityManagerFactory for persistence unit 'default'
2024-11-07T11:36:40.552+08:00  INFO 6700 --- [SpringApplicationShutdownHook] com.zaxxer.hikari.HikariDataSource       : HikariPool-1 - Shutdown initiated...
2024-11-07T11:36:40.554+08:00  INFO 6700 --- [SpringApplicationShutdownHook] com.zaxxer.hikari.HikariDataSource       : HikariPool-1 - Shutdown completed.
2024-11-07T17:11:44.543+08:00  INFO 7932 --- [main] com.example.demo.DemoApplication         : Starting DemoApplication using Java 17.0.10 with PID 7932 (D:\IdeaProjects\springBoot\target\classes started by acer in D:\IdeaProjects\springBoot)
2024-11-07T17:11:44.545+08:00  INFO 7932 --- [main] com.example.demo.DemoApplication         : The following 1 profile is active: "dev"
2024-11-07T17:11:45.522+08:00  INFO 7932 --- [main] .s.d.r.c.RepositoryConfigurationDelegate : Bootstrapping Spring Data JPA repositories in DEFAULT mode.
2024-11-07T17:11:45.568+08:00  INFO 7932 --- [main] .s.d.r.c.RepositoryConfigurationDelegate : Finished Spring Data repository scanning in 38 ms. Found 1 JPA repository interface.
2024-11-07T17:11:46.286+08:00  INFO 7932 --- [main] o.s.b.w.embedded.tomcat.TomcatWebServer  : Tomcat initialized with port 80 (http)
2024-11-07T17:11:46.295+08:00  INFO 7932 --- [main] o.apache.catalina.core.StandardService   : Starting service [Tomcat]
2024-11-07T17:11:46.295+08:00  INFO 7932 --- [main] o.apache.catalina.core.StandardEngine    : Starting Servlet engine: [Apache Tomcat/10.1.16]
2024-11-07T17:11:46.366+08:00  INFO 7932 --- [main] o.a.c.c.C.[Tomcat].[localhost].[/]       : Initializing Spring embedded WebApplicationContext
2024-11-07T17:11:46.366+08:00  INFO 7932 --- [main] w.s.c.ServletWebServerApplicationContext : Root WebApplicationContext: initialization completed in 1778 ms
2024-11-07T17:11:46.644+08:00  INFO 7932 --- [main] o.hibernate.jpa.internal.util.LogHelper  : HHH000204: Processing PersistenceUnitInfo [name: default]
2024-11-07T17:11:46.709+08:00  INFO 7932 --- [main] org.hibernate.Version                    : HHH000412: Hibernate ORM core version 6.3.1.Final
2024-11-07T17:11:46.746+08:00  INFO 7932 --- [main] o.h.c.internal.RegionFactoryInitiator    : HHH000026: Second-level cache disabled
2024-11-07T17:11:46.982+08:00  INFO 7932 --- [main] o.s.o.j.p.SpringPersistenceUnitInfo      : No LoadTimeWeaver setup: ignoring JPA class transformer
2024-11-07T17:11:47.008+08:00  INFO 7932 --- [main] com.zaxxer.hikari.HikariDataSource       : HikariPool-1 - Starting...
2024-11-07T17:11:47.122+08:00  INFO 7932 --- [main] com.zaxxer.hikari.pool.HikariPool        : HikariPool-1 - Added connection com.mysql.cj.jdbc.ConnectionImpl@27682fa9
2024-11-07T17:11:47.124+08:00  INFO 7932 --- [main] com.zaxxer.hikari.HikariDataSource       : HikariPool-1 - Start completed.
2024-11-07T17:11:48.158+08:00  INFO 7932 --- [main] o.h.e.t.j.p.i.JtaPlatformInitiator       : HHH000489: No JTA platform available (set 'hibernate.transaction.jta.platform' to enable JTA platform integration)
2024-11-07T17:11:48.237+08:00  INFO 7932 --- [main] j.LocalContainerEntityManagerFactoryBean : Initialized JPA EntityManagerFactory for persistence unit 'default'
2024-11-07T17:11:48.611+08:00  INFO 7932 --- [main] o.s.d.j.r.query.QueryEnhancerFactory     : JSqlParser is in classpath; If applicable, JSqlParser will be used
2024-11-07T17:11:48.611+08:00  INFO 7932 --- [main] o.s.d.j.r.query.QueryEnhancerFactory     : Hibernate is in classpath; If applicable, HQL parser will be used.
2024-11-07T17:11:48.935+08:00  WARN 7932 --- [main] ConfigServletWebServerApplicationContext : Exception encountered during context initialization - cancelling refresh attempt: org.springframework.beans.factory.BeanCreationException: Error creating bean with name 'mybatisPlusController': Injection of resource dependencies failed
2024-11-07T17:11:48.935+08:00  INFO 7932 --- [main] j.LocalContainerEntityManagerFactoryBean : Closing JPA EntityManagerFactory for persistence unit 'default'
2024-11-07T17:11:48.937+08:00  INFO 7932 --- [main] com.zaxxer.hikari.HikariDataSource       : HikariPool-1 - Shutdown initiated...
2024-11-07T17:11:48.941+08:00  INFO 7932 --- [main] com.zaxxer.hikari.HikariDataSource       : HikariPool-1 - Shutdown completed.
2024-11-07T17:11:48.943+08:00  INFO 7932 --- [main] o.apache.catalina.core.StandardService   : Stopping service [Tomcat]
2024-11-07T17:11:48.963+08:00  INFO 7932 --- [main] .s.b.a.l.ConditionEvaluationReportLogger : 

Error starting ApplicationContext. To display the condition evaluation report re-run your application with 'debug' enabled.
2024-11-07T17:11:48.984+08:00 ERROR 7932 --- [main] o.s.b.d.LoggingFailureAnalysisReporter   : 

***************************
APPLICATION FAILED TO START
***************************

Description:

A component required a bean of type 'com.example.demo.entity.User' that could not be found.


Action:

Consider defining a bean of type 'com.example.demo.entity.User' in your configuration.

